Added Component: Designator=1(MINI-FLAT-4)
Add component (AddParameter): Name = "Availability"; Value = "Unavailable"; VariantName = "[No Variations]"
Add component (AddParameter): Name = "MF"; Value = "Lite-On Inc."; VariantName = "[No Variations]"
Add component (AddParameter): Name = "MP"; Value = "LTV-356T"; VariantName = "[No Variations]"
Add component (AddParameter): Name = "Package"; Value = "SOP-4 Lite-On Inc."; VariantName = "[No Variations]"
Add component (AddParameter): Name = "Price"; Value = "None"; VariantName = "[No Variations]"
Add component (AddParameter): Name = "SnapEDA_Link"; Value = "https://www.snapeda.com/parts/LTV-356T/Lite-On%20Inc./view-part/448527/?ref=snap"; VariantName = "[No Variations]"
Add component (AddParameter): Name = "Value"; Value = ""; VariantName = "[No Variations]"
Added Component: Designator=2(MINI-FLAT-4)
Add component (AddParameter): Name = "Availability"; Value = "Unavailable"; VariantName = "[No Variations]"
Add component (AddParameter): Name = "MF"; Value = "Lite-On Inc."; VariantName = "[No Variations]"
Add component (AddParameter): Name = "MP"; Value = "LTV-356T"; VariantName = "[No Variations]"
Add component (AddParameter): Name = "Package"; Value = "SOP-4 Lite-On Inc."; VariantName = "[No Variations]"
Add component (AddParameter): Name = "Price"; Value = "None"; VariantName = "[No Variations]"
Add component (AddParameter): Name = "SnapEDA_Link"; Value = "https://www.snapeda.com/parts/LTV-356T/Lite-On%20Inc./view-part/448527/?ref=snap"; VariantName = "[No Variations]"
Add component (AddParameter): Name = "Value"; Value = ""; VariantName = "[No Variations]"
Added Component: Designator=3(MINI-FLAT-4)
Add component (AddParameter): Name = "Availability"; Value = "Unavailable"; VariantName = "[No Variations]"
Add component (AddParameter): Name = "MF"; Value = "Lite-On Inc."; VariantName = "[No Variations]"
Add component (AddParameter): Name = "MP"; Value = "LTV-356T"; VariantName = "[No Variations]"
Add component (AddParameter): Name = "Package"; Value = "SOP-4 Lite-On Inc."; VariantName = "[No Variations]"
Add component (AddParameter): Name = "Price"; Value = "None"; VariantName = "[No Variations]"
Add component (AddParameter): Name = "SnapEDA_Link"; Value = "https://www.snapeda.com/parts/LTV-356T/Lite-On%20Inc./view-part/448527/?ref=snap"; VariantName = "[No Variations]"
Add component (AddParameter): Name = "Value"; Value = ""; VariantName = "[No Variations]"
Added Component: Designator=D1(SOD123)
Add component (AddParameter): Name = "Case"; Value = "SOD-123 Diodes Inc."; VariantName = "[No Variations]"
Add component (AddParameter): Name = "HelpURL"; Value = "https://store.comet.bg/Catalogue/Product/9613/"; VariantName = "[No Variations]"
Add component (AddParameter): Name = "MF"; Value = "DIODES / ZETEX"; VariantName = "[No Variations]"
Add component (AddParameter): Name = "Model"; Value = "1N4148W-7-F"; VariantName = "[No Variations]"
Added Component: Designator=D2(SOD123)
Add component (AddParameter): Name = "Case"; Value = "SOD-123 Diodes Inc."; VariantName = "[No Variations]"
Add component (AddParameter): Name = "HelpURL"; Value = "https://store.comet.bg/Catalogue/Product/9613/"; VariantName = "[No Variations]"
Add component (AddParameter): Name = "MF"; Value = "DIODES / ZETEX"; VariantName = "[No Variations]"
Add component (AddParameter): Name = "Model"; Value = "1N4148W-7-F"; VariantName = "[No Variations]"
Added Component: Designator=D3(SMD 0805 LED-Y)
Add component (AddParameter): Name = "Availability"; Value = "Unavailable"; VariantName = "[No Variations]"
Add component (AddParameter): Name = "MF"; Value = "Rohm Semiconductor"; VariantName = "[No Variations]"
Add component (AddParameter): Name = "MP"; Value = "SMLMN2WB1CW1C"; VariantName = "[No Variations]"
Add component (AddParameter): Name = "Package"; Value = "0805 Rohm Semiconductor"; VariantName = "[No Variations]"
Add component (AddParameter): Name = "Price"; Value = "None"; VariantName = "[No Variations]"
Add component (AddParameter): Name = "SnapEDA_Link"; Value = "https://www.snapeda.com/parts/SMLMN2WB1CW1C/Rohm/view-part/3217279/?ref=snap"; VariantName = "[No Variations]"
Add component (AddParameter): Name = "Value"; Value = ""; VariantName = "[No Variations]"
Added Component: Designator=D4(SMD 0805 LED-Y)
Add component (AddParameter): Name = "Availability"; Value = "Unavailable"; VariantName = "[No Variations]"
Add component (AddParameter): Name = "MF"; Value = "Rohm Semiconductor"; VariantName = "[No Variations]"
Add component (AddParameter): Name = "MP"; Value = "SMLMN2WB1CW1C"; VariantName = "[No Variations]"
Add component (AddParameter): Name = "Package"; Value = "0805 Rohm Semiconductor"; VariantName = "[No Variations]"
Add component (AddParameter): Name = "Price"; Value = "None"; VariantName = "[No Variations]"
Add component (AddParameter): Name = "SnapEDA_Link"; Value = "https://www.snapeda.com/parts/SMLMN2WB1CW1C/Rohm/view-part/3217279/?ref=snap"; VariantName = "[No Variations]"
Add component (AddParameter): Name = "Value"; Value = ""; VariantName = "[No Variations]"
Added Component: Designator=D5(SMD 0805 LED-Y)
Add component (AddParameter): Name = "Availability"; Value = "Unavailable"; VariantName = "[No Variations]"
Add component (AddParameter): Name = "MF"; Value = "Rohm Semiconductor"; VariantName = "[No Variations]"
Add component (AddParameter): Name = "MP"; Value = "SMLMN2WB1CW1C"; VariantName = "[No Variations]"
Add component (AddParameter): Name = "Package"; Value = "0805 Rohm Semiconductor"; VariantName = "[No Variations]"
Add component (AddParameter): Name = "Price"; Value = "None"; VariantName = "[No Variations]"
Add component (AddParameter): Name = "SnapEDA_Link"; Value = "https://www.snapeda.com/parts/SMLMN2WB1CW1C/Rohm/view-part/3217279/?ref=snap"; VariantName = "[No Variations]"
Add component (AddParameter): Name = "Value"; Value = ""; VariantName = "[No Variations]"
Added Component: Designator=D6(SMD 0805 LED-Y)
Add component (AddParameter): Name = "Availability"; Value = "Unavailable"; VariantName = "[No Variations]"
Add component (AddParameter): Name = "MF"; Value = "Rohm Semiconductor"; VariantName = "[No Variations]"
Add component (AddParameter): Name = "MP"; Value = "SMLMN2WB1CW1C"; VariantName = "[No Variations]"
Add component (AddParameter): Name = "Package"; Value = "0805 Rohm Semiconductor"; VariantName = "[No Variations]"
Add component (AddParameter): Name = "Price"; Value = "None"; VariantName = "[No Variations]"
Add component (AddParameter): Name = "SnapEDA_Link"; Value = "https://www.snapeda.com/parts/SMLMN2WB1CW1C/Rohm/view-part/3217279/?ref=snap"; VariantName = "[No Variations]"
Add component (AddParameter): Name = "Value"; Value = ""; VariantName = "[No Variations]"
Added Component: Designator=D7(SMD 0805 LED-Y)
Add component (AddParameter): Name = "Availability"; Value = "Unavailable"; VariantName = "[No Variations]"
Add component (AddParameter): Name = "MF"; Value = "Rohm Semiconductor"; VariantName = "[No Variations]"
Add component (AddParameter): Name = "MP"; Value = "SMLMN2WB1CW1C"; VariantName = "[No Variations]"
Add component (AddParameter): Name = "Package"; Value = "0805 Rohm Semiconductor"; VariantName = "[No Variations]"
Add component (AddParameter): Name = "Price"; Value = "None"; VariantName = "[No Variations]"
Add component (AddParameter): Name = "SnapEDA_Link"; Value = "https://www.snapeda.com/parts/SMLMN2WB1CW1C/Rohm/view-part/3217279/?ref=snap"; VariantName = "[No Variations]"
Add component (AddParameter): Name = "Value"; Value = ""; VariantName = "[No Variations]"
Added Component: Designator=J1(Wire)
Add component (AddParameter): Name = "Availability"; Value = ""; VariantName = "[No Variations]"
Add component (AddParameter): Name = "MF"; Value = ""; VariantName = "[No Variations]"
Add component (AddParameter): Name = "MP"; Value = ""; VariantName = "[No Variations]"
Add component (AddParameter): Name = "Package"; Value = ""; VariantName = "[No Variations]"
Added Component: Designator=J2(Wire)
Add component (AddParameter): Name = "Availability"; Value = ""; VariantName = "[No Variations]"
Add component (AddParameter): Name = "MF"; Value = ""; VariantName = "[No Variations]"
Add component (AddParameter): Name = "MP"; Value = ""; VariantName = "[No Variations]"
Add component (AddParameter): Name = "Package"; Value = ""; VariantName = "[No Variations]"
Added Component: Designator=J3(687140149022)
Add component (AddParameter): Name = "Availability"; Value = "In Stock"; VariantName = "[No Variations]"
Add component (AddParameter): Name = "Check_prices"; Value = "https://www.snapeda.com/parts/687140149022/Wurth+Electronics+Inc./view-part/?ref=eda"; VariantName = "[No Variations]"
Add component (AddParameter): Name = "MF"; Value = "Wurth Electronics"; VariantName = "[No Variations]"
Add component (AddParameter): Name = "MP"; Value = "687140149022"; VariantName = "[No Variations]"
Add component (AddParameter): Name = "Package"; Value = "None"; VariantName = "[No Variations]"
Add component (AddParameter): Name = "Price"; Value = "None"; VariantName = "[No Variations]"
Add component (AddParameter): Name = "Purchase-URL"; Value = "https://pricing.snapeda.com/search/part/687140149022/?ref=eda"; VariantName = "[No Variations]"
Add component (AddParameter): Name = "SnapEDA_Link"; Value = "https://www.snapeda.com/parts/687140149022/Wurth+Electronics+Inc./view-part/?ref=snap"; VariantName = "[No Variations]"
Add component (AddParameter): Name = "Value"; Value = ""; VariantName = "[No Variations]"
Added Component: Designator=J4(PN1X8)
Add component (AddParameter): Name = "Availability"; Value = "Unavailable"; VariantName = "[No Variations]"
Add component (AddParameter): Name = "MF"; Value = "WA?rth Elektronik"; VariantName = "[No Variations]"
Add component (AddParameter): Name = "MP"; Value = "61300711821"; VariantName = "[No Variations]"
Add component (AddParameter): Name = "Package"; Value = "None"; VariantName = "[No Variations]"
Add component (AddParameter): Name = "Price"; Value = "None"; VariantName = "[No Variations]"
Add component (AddParameter): Name = "SnapEDA_Link"; Value = "https://www.snapeda.com/parts/61300711821/W%C3%BCrth%20Elektronik/view-part/2704590/?ref=snap"; VariantName = "[No Variations]"
Add component (AddParameter): Name = "Value"; Value = ""; VariantName = "[No Variations]"
Added Component: Designator=J5(PN1X8)
Add component (AddParameter): Name = "Availability"; Value = "Unavailable"; VariantName = "[No Variations]"
Add component (AddParameter): Name = "MF"; Value = "WA?rth Elektronik"; VariantName = "[No Variations]"
Add component (AddParameter): Name = "MP"; Value = "61300711821"; VariantName = "[No Variations]"
Add component (AddParameter): Name = "Package"; Value = "None"; VariantName = "[No Variations]"
Add component (AddParameter): Name = "Price"; Value = "None"; VariantName = "[No Variations]"
Add component (AddParameter): Name = "SnapEDA_Link"; Value = "https://www.snapeda.com/parts/61300711821/W%C3%BCrth%20Elektronik/view-part/2704590/?ref=snap"; VariantName = "[No Variations]"
Add component (AddParameter): Name = "Value"; Value = ""; VariantName = "[No Variations]"
Added Component: Designator=J6(PN1X4)
Add component (AddParameter): Name = "Availability"; Value = "Unavailable"; VariantName = "[No Variations]"
Add component (AddParameter): Name = "MF"; Value = "WA?rth Elektronik"; VariantName = "[No Variations]"
Add component (AddParameter): Name = "MP"; Value = "61300711821"; VariantName = "[No Variations]"
Add component (AddParameter): Name = "Package"; Value = "None"; VariantName = "[No Variations]"
Add component (AddParameter): Name = "Price"; Value = "None"; VariantName = "[No Variations]"
Add component (AddParameter): Name = "SnapEDA_Link"; Value = "https://www.snapeda.com/parts/61300711821/W%C3%BCrth%20Elektronik/view-part/2704590/?ref=snap"; VariantName = "[No Variations]"
Add component (AddParameter): Name = "Value"; Value = ""; VariantName = "[No Variations]"
Added Component: Designator=J7(PN1X4)
Add component (AddParameter): Name = "Availability"; Value = "Unavailable"; VariantName = "[No Variations]"
Add component (AddParameter): Name = "MF"; Value = "WA?rth Elektronik"; VariantName = "[No Variations]"
Add component (AddParameter): Name = "MP"; Value = "61300711821"; VariantName = "[No Variations]"
Add component (AddParameter): Name = "Package"; Value = "None"; VariantName = "[No Variations]"
Add component (AddParameter): Name = "Price"; Value = "None"; VariantName = "[No Variations]"
Add component (AddParameter): Name = "SnapEDA_Link"; Value = "https://www.snapeda.com/parts/61300711821/W%C3%BCrth%20Elektronik/view-part/2704590/?ref=snap"; VariantName = "[No Variations]"
Add component (AddParameter): Name = "Value"; Value = ""; VariantName = "[No Variations]"
Added Component: Designator=J8(687106149022)
Add component (AddParameter): Name = "Availability"; Value = "In Stock"; VariantName = "[No Variations]"
Add component (AddParameter): Name = "Check_prices"; Value = "https://www.snapeda.com/parts/687106149022/Wurth+Elektronik/view-part/?ref=eda"; VariantName = "[No Variations]"
Add component (AddParameter): Name = "MF"; Value = "WA?rth Elektronik"; VariantName = "[No Variations]"
Add component (AddParameter): Name = "MP"; Value = "687106149022"; VariantName = "[No Variations]"
Add component (AddParameter): Name = "Package"; Value = "None"; VariantName = "[No Variations]"
Add component (AddParameter): Name = "Price"; Value = "None"; VariantName = "[No Variations]"
Add component (AddParameter): Name = "Purchase-URL"; Value = "https://pricing.snapeda.com/search/part/687106149022/?ref=eda"; VariantName = "[No Variations]"
Add component (AddParameter): Name = "SnapEDA_Link"; Value = "https://www.snapeda.com/parts/687106149022/Wurth+Elektronik/view-part/?ref=snap"; VariantName = "[No Variations]"
Add component (AddParameter): Name = "Value"; Value = ""; VariantName = "[No Variations]"
Added Component: Designator=J9(PN1X8)
Add component (AddParameter): Name = "Availability"; Value = "Unavailable"; VariantName = "[No Variations]"
Add component (AddParameter): Name = "MF"; Value = "WA?rth Elektronik"; VariantName = "[No Variations]"
Add component (AddParameter): Name = "MP"; Value = "61300711821"; VariantName = "[No Variations]"
Add component (AddParameter): Name = "Package"; Value = "None"; VariantName = "[No Variations]"
Add component (AddParameter): Name = "Price"; Value = "None"; VariantName = "[No Variations]"
Add component (AddParameter): Name = "SnapEDA_Link"; Value = "https://www.snapeda.com/parts/61300711821/W%C3%BCrth%20Elektronik/view-part/2704590/?ref=snap"; VariantName = "[No Variations]"
Add component (AddParameter): Name = "Value"; Value = ""; VariantName = "[No Variations]"
Added Component: Designator=J10(PN1X8)
Add component (AddParameter): Name = "Availability"; Value = "Unavailable"; VariantName = "[No Variations]"
Add component (AddParameter): Name = "MF"; Value = "WA?rth Elektronik"; VariantName = "[No Variations]"
Add component (AddParameter): Name = "MP"; Value = "61300711821"; VariantName = "[No Variations]"
Add component (AddParameter): Name = "Package"; Value = "None"; VariantName = "[No Variations]"
Add component (AddParameter): Name = "Price"; Value = "None"; VariantName = "[No Variations]"
Add component (AddParameter): Name = "SnapEDA_Link"; Value = "https://www.snapeda.com/parts/61300711821/W%C3%BCrth%20Elektronik/view-part/2704590/?ref=snap"; VariantName = "[No Variations]"
Add component (AddParameter): Name = "Value"; Value = ""; VariantName = "[No Variations]"
Added Component: Designator=J11(PN1X4)
Add component (AddParameter): Name = "Availability"; Value = "Unavailable"; VariantName = "[No Variations]"
Add component (AddParameter): Name = "MF"; Value = "WA?rth Elektronik"; VariantName = "[No Variations]"
Add component (AddParameter): Name = "MP"; Value = "61300711821"; VariantName = "[No Variations]"
Add component (AddParameter): Name = "Package"; Value = "None"; VariantName = "[No Variations]"
Add component (AddParameter): Name = "Price"; Value = "None"; VariantName = "[No Variations]"
Add component (AddParameter): Name = "SnapEDA_Link"; Value = "https://www.snapeda.com/parts/61300711821/W%C3%BCrth%20Elektronik/view-part/2704590/?ref=snap"; VariantName = "[No Variations]"
Add component (AddParameter): Name = "Value"; Value = ""; VariantName = "[No Variations]"
Added Component: Designator=Q1(SOT-23-3)
Add component (AddParameter): Name = "Case"; Value = "SOT-23-3 SST3"; VariantName = "[No Variations]"
Add component (AddParameter): Name = "HelpURL"; Value = "https://store.comet.bg/Catalogue/Product/23715/"; VariantName = "[No Variations]"
Add component (AddParameter): Name = "Manufacturer"; Value = "ROHM Semiconductor"; VariantName = "[No Variations]"
Add component (AddParameter): Name = "Model"; Value = "SST2222A"; VariantName = "[No Variations]"
Added Component: Designator=Q2(SOT-346 (SC59) Black)
Add component (AddParameter): Name = "Case"; Value = "SOT-346 (SC59)"; VariantName = "[No Variations]"
Add component (AddParameter): Name = "HalpURL"; Value = "https://store.comet.bg/Catalogue/Product/23715/"; VariantName = "[No Variations]"
Add component (AddParameter): Name = "Manufacturer"; Value = "ROHM Semiconductor"; VariantName = "[No Variations]"
Add component (AddParameter): Name = "Model"; Value = "DTC114YKA"; VariantName = "[No Variations]"
Added Component: Designator=Q3(SOT-346 (SC59) Black)
Add component (AddParameter): Name = "Case"; Value = "SOT-346 (SC59)"; VariantName = "[No Variations]"
Add component (AddParameter): Name = "HalpURL"; Value = "https://store.comet.bg/Catalogue/Product/23715/"; VariantName = "[No Variations]"
Add component (AddParameter): Name = "Manufacturer"; Value = "ROHM Semiconductor"; VariantName = "[No Variations]"
Add component (AddParameter): Name = "Model"; Value = "DTC114YKA"; VariantName = "[No Variations]"
Added Component: Designator=Q4(SOT-346 (SC59) Black)
Add component (AddParameter): Name = "Case"; Value = "SOT-346 (SC59)"; VariantName = "[No Variations]"
Add component (AddParameter): Name = "HalpURL"; Value = "https://store.comet.bg/Catalogue/Product/23715/"; VariantName = "[No Variations]"
Add component (AddParameter): Name = "Manufacturer"; Value = "ROHM Semiconductor"; VariantName = "[No Variations]"
Add component (AddParameter): Name = "Model"; Value = "DTC114YKA"; VariantName = "[No Variations]"
Added Component: Designator=Q5(SOT-346 (SC59) Black)
Add component (AddParameter): Name = "Case"; Value = "SOT-346 (SC59)"; VariantName = "[No Variations]"
Add component (AddParameter): Name = "HalpURL"; Value = "https://store.comet.bg/Catalogue/Product/23715/"; VariantName = "[No Variations]"
Add component (AddParameter): Name = "Manufacturer"; Value = "ROHM Semiconductor"; VariantName = "[No Variations]"
Add component (AddParameter): Name = "Model"; Value = "DTC114YKA"; VariantName = "[No Variations]"
Added Component: Designator=Q6(SOT-346 (SC59) Black)
Add component (AddParameter): Name = "Case"; Value = "SOT-346 (SC59)"; VariantName = "[No Variations]"
Add component (AddParameter): Name = "HalpURL"; Value = "https://store.comet.bg/Catalogue/Product/23715/"; VariantName = "[No Variations]"
Add component (AddParameter): Name = "Manufacturer"; Value = "ROHM Semiconductor"; VariantName = "[No Variations]"
Add component (AddParameter): Name = "Model"; Value = "DTC114YKA"; VariantName = "[No Variations]"
Added Component: Designator=Q7(SOT-23-3)
Add component (AddParameter): Name = "Case"; Value = "SOT-23-3 SST3"; VariantName = "[No Variations]"
Add component (AddParameter): Name = "HelpURL"; Value = "https://store.comet.bg/Catalogue/Product/23715/"; VariantName = "[No Variations]"
Add component (AddParameter): Name = "Manufacturer"; Value = "ROHM Semiconductor"; VariantName = "[No Variations]"
Add component (AddParameter): Name = "Model"; Value = "SST2222A"; VariantName = "[No Variations]"
Added Component: Designator=Q8(SOT-23-3)
Add component (AddParameter): Name = "Case"; Value = "SOT-23-3 SST3"; VariantName = "[No Variations]"
Add component (AddParameter): Name = "HelpURL"; Value = "https://store.comet.bg/Catalogue/Product/23715/"; VariantName = "[No Variations]"
Add component (AddParameter): Name = "Manufacturer"; Value = "ROHM Semiconductor"; VariantName = "[No Variations]"
Add component (AddParameter): Name = "Model"; Value = "SST2222A"; VariantName = "[No Variations]"
Added Component: Designator=Q9(SOT-23-3)
Add component (AddParameter): Name = "Case"; Value = "SOT-23-3 SST3"; VariantName = "[No Variations]"
Add component (AddParameter): Name = "HelpURL"; Value = "https://store.comet.bg/Catalogue/Product/23715/"; VariantName = "[No Variations]"
Add component (AddParameter): Name = "Manufacturer"; Value = "ROHM Semiconductor"; VariantName = "[No Variations]"
Add component (AddParameter): Name = "Model"; Value = "SST2222A"; VariantName = "[No Variations]"
Added Component: Designator=Q10(SOT-23-3)
Add component (AddParameter): Name = "Case"; Value = "SOT-23-3 SST3"; VariantName = "[No Variations]"
Add component (AddParameter): Name = "HelpURL"; Value = "https://store.comet.bg/Catalogue/Product/23715/"; VariantName = "[No Variations]"
Add component (AddParameter): Name = "Manufacturer"; Value = "ROHM Semiconductor"; VariantName = "[No Variations]"
Add component (AddParameter): Name = "Model"; Value = "SST2222A"; VariantName = "[No Variations]"
Added Component: Designator=Q11(SOT-23-3)
Add component (AddParameter): Name = "Case"; Value = "SOT-23-3 SST3"; VariantName = "[No Variations]"
Add component (AddParameter): Name = "HelpURL"; Value = "https://store.comet.bg/Catalogue/Product/23715/"; VariantName = "[No Variations]"
Add component (AddParameter): Name = "Manufacturer"; Value = "ROHM Semiconductor"; VariantName = "[No Variations]"
Add component (AddParameter): Name = "Model"; Value = "SST2222A"; VariantName = "[No Variations]"
Added Component: Designator=Q12(SOT-23-3)
Add component (AddParameter): Name = "Case"; Value = "SOT-23-3 SST3"; VariantName = "[No Variations]"
Add component (AddParameter): Name = "HelpURL"; Value = "https://store.comet.bg/Catalogue/Product/23715/"; VariantName = "[No Variations]"
Add component (AddParameter): Name = "Manufacturer"; Value = "ROHM Semiconductor"; VariantName = "[No Variations]"
Add component (AddParameter): Name = "Model"; Value = "SST2222A"; VariantName = "[No Variations]"
Added Component: Designator=Q13(SOT-23-3)
Add component (AddParameter): Name = "Case"; Value = "SOT-23-3 SST3"; VariantName = "[No Variations]"
Add component (AddParameter): Name = "HelpURL"; Value = "https://store.comet.bg/Catalogue/Product/23715/"; VariantName = "[No Variations]"
Add component (AddParameter): Name = "Manufacturer"; Value = "ROHM Semiconductor"; VariantName = "[No Variations]"
Add component (AddParameter): Name = "Model"; Value = "SST2222A"; VariantName = "[No Variations]"
Added Component: Designator=Q14(SOT-23-3)
Add component (AddParameter): Name = "Case"; Value = "SOT-23-3 SST3"; VariantName = "[No Variations]"
Add component (AddParameter): Name = "HelpURL"; Value = "https://store.comet.bg/Catalogue/Product/23715/"; VariantName = "[No Variations]"
Add component (AddParameter): Name = "Manufacturer"; Value = "ROHM Semiconductor"; VariantName = "[No Variations]"
Add component (AddParameter): Name = "Model"; Value = "SST2222A"; VariantName = "[No Variations]"
Added Component: Designator=Q15(SOT-23-3)
Add component (AddParameter): Name = "Case"; Value = "SOT-23-3 SST3"; VariantName = "[No Variations]"
Add component (AddParameter): Name = "HelpURL"; Value = "https://store.comet.bg/Catalogue/Product/23715/"; VariantName = "[No Variations]"
Add component (AddParameter): Name = "Manufacturer"; Value = "ROHM Semiconductor"; VariantName = "[No Variations]"
Add component (AddParameter): Name = "Model"; Value = "SST2222A"; VariantName = "[No Variations]"
Added Component: Designator=Q16(SOT-346 (SC59) Black)
Add component (AddParameter): Name = "Case"; Value = "SOT-346 (SC59)"; VariantName = "[No Variations]"
Add component (AddParameter): Name = "HalpURL"; Value = "https://store.comet.bg/Catalogue/Product/23715/"; VariantName = "[No Variations]"
Add component (AddParameter): Name = "Manufacturer"; Value = "ROHM Semiconductor"; VariantName = "[No Variations]"
Add component (AddParameter): Name = "Model"; Value = "DTC114YKA"; VariantName = "[No Variations]"
Added Component: Designator=Q17(SOT-346 (SC59) Black)
Add component (AddParameter): Name = "Case"; Value = "SOT-346 (SC59)"; VariantName = "[No Variations]"
Add component (AddParameter): Name = "HalpURL"; Value = "https://store.comet.bg/Catalogue/Product/23715/"; VariantName = "[No Variations]"
Add component (AddParameter): Name = "Manufacturer"; Value = "ROHM Semiconductor"; VariantName = "[No Variations]"
Add component (AddParameter): Name = "Model"; Value = "DTC114YKA"; VariantName = "[No Variations]"
Added Component: Designator=Q18(SOT-346 (SC59) Black)
Add component (AddParameter): Name = "Case"; Value = "SOT-346 (SC59)"; VariantName = "[No Variations]"
Add component (AddParameter): Name = "HalpURL"; Value = "https://store.comet.bg/Catalogue/Product/23715/"; VariantName = "[No Variations]"
Add component (AddParameter): Name = "Manufacturer"; Value = "ROHM Semiconductor"; VariantName = "[No Variations]"
Add component (AddParameter): Name = "Model"; Value = "DTC114YKA"; VariantName = "[No Variations]"
Added Component: Designator=Q19(SOT-346 (SC59) Black)
Add component (AddParameter): Name = "Case"; Value = "SOT-346 (SC59)"; VariantName = "[No Variations]"
Add component (AddParameter): Name = "HalpURL"; Value = "https://store.comet.bg/Catalogue/Product/23715/"; VariantName = "[No Variations]"
Add component (AddParameter): Name = "Manufacturer"; Value = "ROHM Semiconductor"; VariantName = "[No Variations]"
Add component (AddParameter): Name = "Model"; Value = "DTC114YKA"; VariantName = "[No Variations]"
Added Component: Designator=Q20(SOT-346 (SC59) Black)
Add component (AddParameter): Name = "Case"; Value = "SOT-346 (SC59)"; VariantName = "[No Variations]"
Add component (AddParameter): Name = "HalpURL"; Value = "https://store.comet.bg/Catalogue/Product/23715/"; VariantName = "[No Variations]"
Add component (AddParameter): Name = "Manufacturer"; Value = "ROHM Semiconductor"; VariantName = "[No Variations]"
Add component (AddParameter): Name = "Model"; Value = "DTC114YKA"; VariantName = "[No Variations]"
Added Component: Designator=Q21(SOT-346 (SC59) Black)
Add component (AddParameter): Name = "Case"; Value = "SOT-346 (SC59)"; VariantName = "[No Variations]"
Add component (AddParameter): Name = "HalpURL"; Value = "https://store.comet.bg/Catalogue/Product/23715/"; VariantName = "[No Variations]"
Add component (AddParameter): Name = "Manufacturer"; Value = "ROHM Semiconductor"; VariantName = "[No Variations]"
Add component (AddParameter): Name = "Model"; Value = "DTC114YKA"; VariantName = "[No Variations]"
Added Component: Designator=Q22(SOT-23-3)
Add component (AddParameter): Name = "Case"; Value = "SOT-23-3 SST3"; VariantName = "[No Variations]"
Add component (AddParameter): Name = "HelpURL"; Value = "https://store.comet.bg/Catalogue/Product/23715/"; VariantName = "[No Variations]"
Add component (AddParameter): Name = "Manufacturer"; Value = "ROHM Semiconductor"; VariantName = "[No Variations]"
Add component (AddParameter): Name = "Model"; Value = "SST2222A"; VariantName = "[No Variations]"
Added Component: Designator=Q23(SOT-346 (SC59) Black)
Add component (AddParameter): Name = "Case"; Value = "SOT-346 (SC59)"; VariantName = "[No Variations]"
Add component (AddParameter): Name = "HalpURL"; Value = "https://store.comet.bg/Catalogue/Product/23715/"; VariantName = "[No Variations]"
Add component (AddParameter): Name = "Manufacturer"; Value = "ROHM Semiconductor"; VariantName = "[No Variations]"
Add component (AddParameter): Name = "Model"; Value = "DTC114YKA"; VariantName = "[No Variations]"
Added Component: Designator=Q24(SOT-346 (SC59) Black)
Add component (AddParameter): Name = "Case"; Value = "SOT-346 (SC59)"; VariantName = "[No Variations]"
Add component (AddParameter): Name = "HalpURL"; Value = "https://store.comet.bg/Catalogue/Product/23715/"; VariantName = "[No Variations]"
Add component (AddParameter): Name = "Manufacturer"; Value = "ROHM Semiconductor"; VariantName = "[No Variations]"
Add component (AddParameter): Name = "Model"; Value = "DTC114YKA"; VariantName = "[No Variations]"
Added Component: Designator=Q25(SOT-346 (SC59) Black)
Add component (AddParameter): Name = "Case"; Value = "SOT-346 (SC59)"; VariantName = "[No Variations]"
Add component (AddParameter): Name = "HalpURL"; Value = "https://store.comet.bg/Catalogue/Product/23715/"; VariantName = "[No Variations]"
Add component (AddParameter): Name = "Manufacturer"; Value = "ROHM Semiconductor"; VariantName = "[No Variations]"
Add component (AddParameter): Name = "Model"; Value = "DTC114YKA"; VariantName = "[No Variations]"
Added Component: Designator=Q26(SOT-346 (SC59) Black)
Add component (AddParameter): Name = "Case"; Value = "SOT-346 (SC59)"; VariantName = "[No Variations]"
Add component (AddParameter): Name = "HalpURL"; Value = "https://store.comet.bg/Catalogue/Product/23715/"; VariantName = "[No Variations]"
Add component (AddParameter): Name = "Manufacturer"; Value = "ROHM Semiconductor"; VariantName = "[No Variations]"
Add component (AddParameter): Name = "Model"; Value = "DTC114YKA"; VariantName = "[No Variations]"
Added Component: Designator=R1(SMD 0805)
Add component (AddParameter): Name = "Case"; Value = ""; VariantName = "[No Variations]"
Add component (AddParameter): Name = "HelpURL"; Value = "https://store.comet.bg/Catalogue/RES/Resistors/#eyJpcHAiOiIxMDAiLCJtIjoiIn0%3D"; VariantName = "[No Variations]"
Add component (AddParameter): Name = "Model"; Value = ""; VariantName = "[No Variations]"
Add component (AddParameter): Name = "Value"; Value = "10k"; VariantName = "[No Variations]"
Added Component: Designator=R2(SMD 0805)
Add component (AddParameter): Name = "Case"; Value = ""; VariantName = "[No Variations]"
Add component (AddParameter): Name = "HelpURL"; Value = "https://store.comet.bg/Catalogue/RES/Resistors/#eyJpcHAiOiIxMDAiLCJtIjoiIn0%3D"; VariantName = "[No Variations]"
Add component (AddParameter): Name = "Model"; Value = ""; VariantName = "[No Variations]"
Add component (AddParameter): Name = "Value"; Value = "10k"; VariantName = "[No Variations]"
Added Component: Designator=R3(SMD 0805)
Add component (AddParameter): Name = "Case"; Value = ""; VariantName = "[No Variations]"
Add component (AddParameter): Name = "HelpURL"; Value = "https://store.comet.bg/Catalogue/RES/Resistors/#eyJpcHAiOiIxMDAiLCJtIjoiIn0%3D"; VariantName = "[No Variations]"
Add component (AddParameter): Name = "Model"; Value = ""; VariantName = "[No Variations]"
Add component (AddParameter): Name = "Value"; Value = "10k"; VariantName = "[No Variations]"
Added Component: Designator=R4(SMD 0805)
Add component (AddParameter): Name = "Case"; Value = ""; VariantName = "[No Variations]"
Add component (AddParameter): Name = "HelpURL"; Value = "https://store.comet.bg/Catalogue/RES/Resistors/#eyJpcHAiOiIxMDAiLCJtIjoiIn0%3D"; VariantName = "[No Variations]"
Add component (AddParameter): Name = "Model"; Value = ""; VariantName = "[No Variations]"
Add component (AddParameter): Name = "Value"; Value = "10k"; VariantName = "[No Variations]"
Added Component: Designator=R5(SMD 0805)
Add component (AddParameter): Name = "Case"; Value = ""; VariantName = "[No Variations]"
Add component (AddParameter): Name = "HelpURL"; Value = "https://store.comet.bg/Catalogue/RES/Resistors/#eyJpcHAiOiIxMDAiLCJtIjoiIn0%3D"; VariantName = "[No Variations]"
Add component (AddParameter): Name = "Model"; Value = ""; VariantName = "[No Variations]"
Add component (AddParameter): Name = "Value"; Value = "10k"; VariantName = "[No Variations]"
Added Component: Designator=R6(SMD 0805)
Add component (AddParameter): Name = "Case"; Value = ""; VariantName = "[No Variations]"
Add component (AddParameter): Name = "HelpURL"; Value = "https://store.comet.bg/Catalogue/RES/Resistors/#eyJpcHAiOiIxMDAiLCJtIjoiIn0%3D"; VariantName = "[No Variations]"
Add component (AddParameter): Name = "Model"; Value = ""; VariantName = "[No Variations]"
Add component (AddParameter): Name = "Value"; Value = "10k"; VariantName = "[No Variations]"
Added Component: Designator=R7(SMD 0805)
Add component (AddParameter): Name = "Case"; Value = ""; VariantName = "[No Variations]"
Add component (AddParameter): Name = "HelpURL"; Value = "https://store.comet.bg/Catalogue/RES/Resistors/#eyJpcHAiOiIxMDAiLCJtIjoiIn0%3D"; VariantName = "[No Variations]"
Add component (AddParameter): Name = "Model"; Value = ""; VariantName = "[No Variations]"
Add component (AddParameter): Name = "Value"; Value = "10k"; VariantName = "[No Variations]"
Added Component: Designator=R8(SMD 0805)
Add component (AddParameter): Name = "Case"; Value = ""; VariantName = "[No Variations]"
Add component (AddParameter): Name = "HelpURL"; Value = "https://store.comet.bg/Catalogue/RES/Resistors/#eyJpcHAiOiIxMDAiLCJtIjoiIn0%3D"; VariantName = "[No Variations]"
Add component (AddParameter): Name = "Model"; Value = ""; VariantName = "[No Variations]"
Add component (AddParameter): Name = "Value"; Value = "10k"; VariantName = "[No Variations]"
Added Component: Designator=R9(SMD 0805)
Add component (AddParameter): Name = "Case"; Value = ""; VariantName = "[No Variations]"
Add component (AddParameter): Name = "HelpURL"; Value = "https://store.comet.bg/Catalogue/RES/Resistors/#eyJpcHAiOiIxMDAiLCJtIjoiIn0%3D"; VariantName = "[No Variations]"
Add component (AddParameter): Name = "Model"; Value = ""; VariantName = "[No Variations]"
Add component (AddParameter): Name = "Value"; Value = "10k"; VariantName = "[No Variations]"
Added Component: Designator=R10(SMD 0805)
Add component (AddParameter): Name = "Case"; Value = ""; VariantName = "[No Variations]"
Add component (AddParameter): Name = "HelpURL"; Value = "https://store.comet.bg/Catalogue/RES/Resistors/#eyJpcHAiOiIxMDAiLCJtIjoiIn0%3D"; VariantName = "[No Variations]"
Add component (AddParameter): Name = "Model"; Value = ""; VariantName = "[No Variations]"
Add component (AddParameter): Name = "Value"; Value = "10k"; VariantName = "[No Variations]"
Added Component: Designator=R11(SMD 0805)
Add component (AddParameter): Name = "Case"; Value = ""; VariantName = "[No Variations]"
Add component (AddParameter): Name = "HelpURL"; Value = "https://store.comet.bg/Catalogue/RES/Resistors/#eyJpcHAiOiIxMDAiLCJtIjoiIn0%3D"; VariantName = "[No Variations]"
Add component (AddParameter): Name = "Model"; Value = ""; VariantName = "[No Variations]"
Add component (AddParameter): Name = "Value"; Value = "10k"; VariantName = "[No Variations]"
Added Component: Designator=R12(SMD 0805)
Add component (AddParameter): Name = "Case"; Value = ""; VariantName = "[No Variations]"
Add component (AddParameter): Name = "HelpURL"; Value = "https://store.comet.bg/Catalogue/RES/Resistors/#eyJpcHAiOiIxMDAiLCJtIjoiIn0%3D"; VariantName = "[No Variations]"
Add component (AddParameter): Name = "Model"; Value = ""; VariantName = "[No Variations]"
Add component (AddParameter): Name = "Value"; Value = "10k"; VariantName = "[No Variations]"
Added Component: Designator=R13(SMD 0805)
Add component (AddParameter): Name = "Case"; Value = ""; VariantName = "[No Variations]"
Add component (AddParameter): Name = "HelpURL"; Value = "https://store.comet.bg/Catalogue/RES/Resistors/#eyJpcHAiOiIxMDAiLCJtIjoiIn0%3D"; VariantName = "[No Variations]"
Add component (AddParameter): Name = "Model"; Value = ""; VariantName = "[No Variations]"
Add component (AddParameter): Name = "Value"; Value = "10k"; VariantName = "[No Variations]"
Added Component: Designator=R14(SMD 0805)
Add component (AddParameter): Name = "Case"; Value = ""; VariantName = "[No Variations]"
Add component (AddParameter): Name = "HelpURL"; Value = "https://store.comet.bg/Catalogue/RES/Resistors/#eyJpcHAiOiIxMDAiLCJtIjoiIn0%3D"; VariantName = "[No Variations]"
Add component (AddParameter): Name = "Model"; Value = ""; VariantName = "[No Variations]"
Add component (AddParameter): Name = "Value"; Value = "10k"; VariantName = "[No Variations]"
Added Component: Designator=R15(SMD 0805)
Add component (AddParameter): Name = "Case"; Value = ""; VariantName = "[No Variations]"
Add component (AddParameter): Name = "HelpURL"; Value = "https://store.comet.bg/Catalogue/RES/Resistors/#eyJpcHAiOiIxMDAiLCJtIjoiIn0%3D"; VariantName = "[No Variations]"
Add component (AddParameter): Name = "Model"; Value = ""; VariantName = "[No Variations]"
Add component (AddParameter): Name = "Value"; Value = "220Ohm"; VariantName = "[No Variations]"
Added Component: Designator=R16(SMD 0805)
Add component (AddParameter): Name = "Case"; Value = ""; VariantName = "[No Variations]"
Add component (AddParameter): Name = "HelpURL"; Value = "https://store.comet.bg/Catalogue/RES/Resistors/#eyJpcHAiOiIxMDAiLCJtIjoiIn0%3D"; VariantName = "[No Variations]"
Add component (AddParameter): Name = "Model"; Value = ""; VariantName = "[No Variations]"
Add component (AddParameter): Name = "Value"; Value = "220Ohm"; VariantName = "[No Variations]"
Added Component: Designator=R17(SMD 0805)
Add component (AddParameter): Name = "Case"; Value = ""; VariantName = "[No Variations]"
Add component (AddParameter): Name = "HelpURL"; Value = "https://store.comet.bg/Catalogue/RES/Resistors/#eyJpcHAiOiIxMDAiLCJtIjoiIn0%3D"; VariantName = "[No Variations]"
Add component (AddParameter): Name = "Model"; Value = ""; VariantName = "[No Variations]"
Add component (AddParameter): Name = "Value"; Value = "220Ohm"; VariantName = "[No Variations]"
Added Component: Designator=R18(SMD 0805)
Add component (AddParameter): Name = "Case"; Value = ""; VariantName = "[No Variations]"
Add component (AddParameter): Name = "HelpURL"; Value = "https://store.comet.bg/Catalogue/RES/Resistors/#eyJpcHAiOiIxMDAiLCJtIjoiIn0%3D"; VariantName = "[No Variations]"
Add component (AddParameter): Name = "Model"; Value = ""; VariantName = "[No Variations]"
Add component (AddParameter): Name = "Value"; Value = "220Ohm"; VariantName = "[No Variations]"
Added Component: Designator=R19(SMD 0805)
Add component (AddParameter): Name = "Case"; Value = ""; VariantName = "[No Variations]"
Add component (AddParameter): Name = "HelpURL"; Value = "https://store.comet.bg/Catalogue/RES/Resistors/#eyJpcHAiOiIxMDAiLCJtIjoiIn0%3D"; VariantName = "[No Variations]"
Add component (AddParameter): Name = "Model"; Value = ""; VariantName = "[No Variations]"
Add component (AddParameter): Name = "Value"; Value = "220Ohm"; VariantName = "[No Variations]"
Added Component: Designator=R20(SMD 0805)
Add component (AddParameter): Name = "Case"; Value = ""; VariantName = "[No Variations]"
Add component (AddParameter): Name = "HelpURL"; Value = "https://store.comet.bg/Catalogue/RES/Resistors/#eyJpcHAiOiIxMDAiLCJtIjoiIn0%3D"; VariantName = "[No Variations]"
Add component (AddParameter): Name = "Model"; Value = ""; VariantName = "[No Variations]"
Add component (AddParameter): Name = "Value"; Value = "10k"; VariantName = "[No Variations]"
Added Component: Designator=R21(SMD 0805)
Add component (AddParameter): Name = "Case"; Value = ""; VariantName = "[No Variations]"
Add component (AddParameter): Name = "HelpURL"; Value = "https://store.comet.bg/Catalogue/RES/Resistors/#eyJpcHAiOiIxMDAiLCJtIjoiIn0%3D"; VariantName = "[No Variations]"
Add component (AddParameter): Name = "Model"; Value = ""; VariantName = "[No Variations]"
Add component (AddParameter): Name = "Value"; Value = "10k"; VariantName = "[No Variations]"
Added Component: Designator=R22(SMD 0805)
Add component (AddParameter): Name = "Case"; Value = ""; VariantName = "[No Variations]"
Add component (AddParameter): Name = "HelpURL"; Value = "https://store.comet.bg/Catalogue/RES/Resistors/#eyJpcHAiOiIxMDAiLCJtIjoiIn0%3D"; VariantName = "[No Variations]"
Add component (AddParameter): Name = "Model"; Value = ""; VariantName = "[No Variations]"
Add component (AddParameter): Name = "Value"; Value = "10k"; VariantName = "[No Variations]"
Added Component: Designator=R23(SMD 0805)
Add component (AddParameter): Name = "Case"; Value = ""; VariantName = "[No Variations]"
Add component (AddParameter): Name = "HelpURL"; Value = "https://store.comet.bg/Catalogue/RES/Resistors/#eyJpcHAiOiIxMDAiLCJtIjoiIn0%3D"; VariantName = "[No Variations]"
Add component (AddParameter): Name = "Model"; Value = ""; VariantName = "[No Variations]"
Add component (AddParameter): Name = "Value"; Value = "10k"; VariantName = "[No Variations]"
Added Component: Designator=R24(SMD 0805)
Add component (AddParameter): Name = "Case"; Value = ""; VariantName = "[No Variations]"
Add component (AddParameter): Name = "HelpURL"; Value = "https://store.comet.bg/Catalogue/RES/Resistors/#eyJpcHAiOiIxMDAiLCJtIjoiIn0%3D"; VariantName = "[No Variations]"
Add component (AddParameter): Name = "Model"; Value = ""; VariantName = "[No Variations]"
Add component (AddParameter): Name = "Value"; Value = "10k"; VariantName = "[No Variations]"
Added Component: Designator=R25(SMD 0805)
Add component (AddParameter): Name = "Case"; Value = ""; VariantName = "[No Variations]"
Add component (AddParameter): Name = "HelpURL"; Value = "https://store.comet.bg/Catalogue/RES/Resistors/#eyJpcHAiOiIxMDAiLCJtIjoiIn0%3D"; VariantName = "[No Variations]"
Add component (AddParameter): Name = "Model"; Value = ""; VariantName = "[No Variations]"
Add component (AddParameter): Name = "Value"; Value = "10k"; VariantName = "[No Variations]"
Added Component: Designator=R26(SMD 0805)
Add component (AddParameter): Name = "Case"; Value = ""; VariantName = "[No Variations]"
Add component (AddParameter): Name = "HelpURL"; Value = "https://store.comet.bg/Catalogue/RES/Resistors/#eyJpcHAiOiIxMDAiLCJtIjoiIn0%3D"; VariantName = "[No Variations]"
Add component (AddParameter): Name = "Model"; Value = ""; VariantName = "[No Variations]"
Add component (AddParameter): Name = "Value"; Value = "10k"; VariantName = "[No Variations]"
Added Component: Designator=R27(SMD 0805)
Add component (AddParameter): Name = "Case"; Value = ""; VariantName = "[No Variations]"
Add component (AddParameter): Name = "HelpURL"; Value = "https://store.comet.bg/Catalogue/RES/Resistors/#eyJpcHAiOiIxMDAiLCJtIjoiIn0%3D"; VariantName = "[No Variations]"
Add component (AddParameter): Name = "Model"; Value = ""; VariantName = "[No Variations]"
Add component (AddParameter): Name = "Value"; Value = "10k"; VariantName = "[No Variations]"
Added Component: Designator=R28(SMD 0805)
Add component (AddParameter): Name = "Case"; Value = ""; VariantName = "[No Variations]"
Add component (AddParameter): Name = "HelpURL"; Value = "https://store.comet.bg/Catalogue/RES/Resistors/#eyJpcHAiOiIxMDAiLCJtIjoiIn0%3D"; VariantName = "[No Variations]"
Add component (AddParameter): Name = "Model"; Value = ""; VariantName = "[No Variations]"
Add component (AddParameter): Name = "Value"; Value = "10k"; VariantName = "[No Variations]"
Added Component: Designator=R29(SMD 0805)
Add component (AddParameter): Name = "Case"; Value = ""; VariantName = "[No Variations]"
Add component (AddParameter): Name = "HelpURL"; Value = "https://store.comet.bg/Catalogue/RES/Resistors/#eyJpcHAiOiIxMDAiLCJtIjoiIn0%3D"; VariantName = "[No Variations]"
Add component (AddParameter): Name = "Model"; Value = ""; VariantName = "[No Variations]"
Add component (AddParameter): Name = "Value"; Value = "10k"; VariantName = "[No Variations]"
Added Component: Designator=R30(SMD 0805)
Add component (AddParameter): Name = "Case"; Value = ""; VariantName = "[No Variations]"
Add component (AddParameter): Name = "HelpURL"; Value = "https://store.comet.bg/Catalogue/RES/Resistors/#eyJpcHAiOiIxMDAiLCJtIjoiIn0%3D"; VariantName = "[No Variations]"
Add component (AddParameter): Name = "Model"; Value = ""; VariantName = "[No Variations]"
Add component (AddParameter): Name = "Value"; Value = "10k"; VariantName = "[No Variations]"
Added Component: Designator=R31(SMD 0805)
Add component (AddParameter): Name = "Case"; Value = ""; VariantName = "[No Variations]"
Add component (AddParameter): Name = "HelpURL"; Value = "https://store.comet.bg/Catalogue/RES/Resistors/#eyJpcHAiOiIxMDAiLCJtIjoiIn0%3D"; VariantName = "[No Variations]"
Add component (AddParameter): Name = "Model"; Value = ""; VariantName = "[No Variations]"
Add component (AddParameter): Name = "Value"; Value = "10k"; VariantName = "[No Variations]"
Added Component: Designator=R32(SMD 0805)
Add component (AddParameter): Name = "Case"; Value = ""; VariantName = "[No Variations]"
Add component (AddParameter): Name = "HelpURL"; Value = "https://store.comet.bg/Catalogue/RES/Resistors/#eyJpcHAiOiIxMDAiLCJtIjoiIn0%3D"; VariantName = "[No Variations]"
Add component (AddParameter): Name = "Model"; Value = ""; VariantName = "[No Variations]"
Add component (AddParameter): Name = "Value"; Value = "10k"; VariantName = "[No Variations]"
Added Component: Designator=R33(SMD 0805)
Add component (AddParameter): Name = "Case"; Value = ""; VariantName = "[No Variations]"
Add component (AddParameter): Name = "HelpURL"; Value = "https://store.comet.bg/Catalogue/RES/Resistors/#eyJpcHAiOiIxMDAiLCJtIjoiIn0%3D"; VariantName = "[No Variations]"
Add component (AddParameter): Name = "Model"; Value = ""; VariantName = "[No Variations]"
Add component (AddParameter): Name = "Value"; Value = "10k"; VariantName = "[No Variations]"
Added Component: Designator=R34(SMD 0805)
Add component (AddParameter): Name = "Case"; Value = ""; VariantName = "[No Variations]"
Add component (AddParameter): Name = "HelpURL"; Value = "https://store.comet.bg/Catalogue/RES/Resistors/#eyJpcHAiOiIxMDAiLCJtIjoiIn0%3D"; VariantName = "[No Variations]"
Add component (AddParameter): Name = "Model"; Value = ""; VariantName = "[No Variations]"
Add component (AddParameter): Name = "Value"; Value = "10k"; VariantName = "[No Variations]"
Added Component: Designator=R35(SMD 0805)
Add component (AddParameter): Name = "Case"; Value = ""; VariantName = "[No Variations]"
Add component (AddParameter): Name = "HelpURL"; Value = "https://store.comet.bg/Catalogue/RES/Resistors/#eyJpcHAiOiIxMDAiLCJtIjoiIn0%3D"; VariantName = "[No Variations]"
Add component (AddParameter): Name = "Model"; Value = ""; VariantName = "[No Variations]"
Add component (AddParameter): Name = "Value"; Value = "10k"; VariantName = "[No Variations]"
Added Component: Designator=R36(SMD 0805)
Add component (AddParameter): Name = "Case"; Value = ""; VariantName = "[No Variations]"
Add component (AddParameter): Name = "HelpURL"; Value = "https://store.comet.bg/Catalogue/RES/Resistors/#eyJpcHAiOiIxMDAiLCJtIjoiIn0%3D"; VariantName = "[No Variations]"
Add component (AddParameter): Name = "Model"; Value = ""; VariantName = "[No Variations]"
Add component (AddParameter): Name = "Value"; Value = "10k"; VariantName = "[No Variations]"
Added Component: Designator=R37(SMD 0805)
Add component (AddParameter): Name = "Case"; Value = ""; VariantName = "[No Variations]"
Add component (AddParameter): Name = "HelpURL"; Value = "https://store.comet.bg/Catalogue/RES/Resistors/#eyJpcHAiOiIxMDAiLCJtIjoiIn0%3D"; VariantName = "[No Variations]"
Add component (AddParameter): Name = "Model"; Value = ""; VariantName = "[No Variations]"
Add component (AddParameter): Name = "Value"; Value = "10k"; VariantName = "[No Variations]"
Added Component: Designator=R38(SMD 0805)
Add component (AddParameter): Name = "Case"; Value = ""; VariantName = "[No Variations]"
Add component (AddParameter): Name = "HelpURL"; Value = "https://store.comet.bg/Catalogue/RES/Resistors/#eyJpcHAiOiIxMDAiLCJtIjoiIn0%3D"; VariantName = "[No Variations]"
Add component (AddParameter): Name = "Model"; Value = ""; VariantName = "[No Variations]"
Add component (AddParameter): Name = "Value"; Value = "10k"; VariantName = "[No Variations]"
Added Component: Designator=R39(SMD 0805)
Add component (AddParameter): Name = "Case"; Value = ""; VariantName = "[No Variations]"
Add component (AddParameter): Name = "HelpURL"; Value = "https://store.comet.bg/Catalogue/RES/Resistors/#eyJpcHAiOiIxMDAiLCJtIjoiIn0%3D"; VariantName = "[No Variations]"
Add component (AddParameter): Name = "Model"; Value = ""; VariantName = "[No Variations]"
Add component (AddParameter): Name = "Value"; Value = "10k"; VariantName = "[No Variations]"
Added Component: Designator=R40(SMD 0805)
Add component (AddParameter): Name = "Case"; Value = ""; VariantName = "[No Variations]"
Add component (AddParameter): Name = "HelpURL"; Value = "https://store.comet.bg/Catalogue/RES/Resistors/#eyJpcHAiOiIxMDAiLCJtIjoiIn0%3D"; VariantName = "[No Variations]"
Add component (AddParameter): Name = "Model"; Value = ""; VariantName = "[No Variations]"
Add component (AddParameter): Name = "Value"; Value = "10k"; VariantName = "[No Variations]"
Added Component: Designator=R41(SMD 0805)
Add component (AddParameter): Name = "Case"; Value = ""; VariantName = "[No Variations]"
Add component (AddParameter): Name = "HelpURL"; Value = "https://store.comet.bg/Catalogue/RES/Resistors/#eyJpcHAiOiIxMDAiLCJtIjoiIn0%3D"; VariantName = "[No Variations]"
Add component (AddParameter): Name = "Model"; Value = ""; VariantName = "[No Variations]"
Add component (AddParameter): Name = "Value"; Value = "10k"; VariantName = "[No Variations]"
Added Component: Designator=R42(SMD 0805)
Add component (AddParameter): Name = "Case"; Value = ""; VariantName = "[No Variations]"
Add component (AddParameter): Name = "HelpURL"; Value = "https://store.comet.bg/Catalogue/RES/Resistors/#eyJpcHAiOiIxMDAiLCJtIjoiIn0%3D"; VariantName = "[No Variations]"
Add component (AddParameter): Name = "Model"; Value = ""; VariantName = "[No Variations]"
Add component (AddParameter): Name = "Value"; Value = "10k"; VariantName = "[No Variations]"
Added Component: Designator=R43(SMD 0805)
Add component (AddParameter): Name = "Case"; Value = ""; VariantName = "[No Variations]"
Add component (AddParameter): Name = "HelpURL"; Value = "https://store.comet.bg/Catalogue/RES/Resistors/#eyJpcHAiOiIxMDAiLCJtIjoiIn0%3D"; VariantName = "[No Variations]"
Add component (AddParameter): Name = "Model"; Value = ""; VariantName = "[No Variations]"
Add component (AddParameter): Name = "Value"; Value = "10k"; VariantName = "[No Variations]"
Added Component: Designator=R44(SMD 0805)
Add component (AddParameter): Name = "Case"; Value = ""; VariantName = "[No Variations]"
Add component (AddParameter): Name = "HelpURL"; Value = "https://store.comet.bg/Catalogue/RES/Resistors/#eyJpcHAiOiIxMDAiLCJtIjoiIn0%3D"; VariantName = "[No Variations]"
Add component (AddParameter): Name = "Model"; Value = ""; VariantName = "[No Variations]"
Add component (AddParameter): Name = "Value"; Value = "10k"; VariantName = "[No Variations]"
Added Component: Designator=R45(SMD 0805)
Add component (AddParameter): Name = "Case"; Value = ""; VariantName = "[No Variations]"
Add component (AddParameter): Name = "HelpURL"; Value = "https://store.comet.bg/Catalogue/RES/Resistors/#eyJpcHAiOiIxMDAiLCJtIjoiIn0%3D"; VariantName = "[No Variations]"
Add component (AddParameter): Name = "Model"; Value = ""; VariantName = "[No Variations]"
Add component (AddParameter): Name = "Value"; Value = "10k"; VariantName = "[No Variations]"
Added Component: Designator=R46(SMD 0805)
Add component (AddParameter): Name = "Case"; Value = ""; VariantName = "[No Variations]"
Add component (AddParameter): Name = "HelpURL"; Value = "https://store.comet.bg/Catalogue/RES/Resistors/#eyJpcHAiOiIxMDAiLCJtIjoiIn0%3D"; VariantName = "[No Variations]"
Add component (AddParameter): Name = "Model"; Value = ""; VariantName = "[No Variations]"
Add component (AddParameter): Name = "Value"; Value = "10k"; VariantName = "[No Variations]"
Added Component: Designator=R47(SMD 0805)
Add component (AddParameter): Name = "Case"; Value = ""; VariantName = "[No Variations]"
Add component (AddParameter): Name = "HelpURL"; Value = "https://store.comet.bg/Catalogue/RES/Resistors/#eyJpcHAiOiIxMDAiLCJtIjoiIn0%3D"; VariantName = "[No Variations]"
Add component (AddParameter): Name = "Model"; Value = ""; VariantName = "[No Variations]"
Add component (AddParameter): Name = "Value"; Value = "10k"; VariantName = "[No Variations]"
Added Component: Designator=R48(SMD 0805)
Add component (AddParameter): Name = "Case"; Value = ""; VariantName = "[No Variations]"
Add component (AddParameter): Name = "HelpURL"; Value = "https://store.comet.bg/Catalogue/RES/Resistors/#eyJpcHAiOiIxMDAiLCJtIjoiIn0%3D"; VariantName = "[No Variations]"
Add component (AddParameter): Name = "Model"; Value = ""; VariantName = "[No Variations]"
Add component (AddParameter): Name = "Value"; Value = "10k"; VariantName = "[No Variations]"
Added Component: Designator=R49(SMD 0805)
Add component (AddParameter): Name = "Case"; Value = ""; VariantName = "[No Variations]"
Add component (AddParameter): Name = "HelpURL"; Value = "https://store.comet.bg/Catalogue/RES/Resistors/#eyJpcHAiOiIxMDAiLCJtIjoiIn0%3D"; VariantName = "[No Variations]"
Add component (AddParameter): Name = "Model"; Value = ""; VariantName = "[No Variations]"
Add component (AddParameter): Name = "Value"; Value = "10k"; VariantName = "[No Variations]"
Added Component: Designator=R50(SMD 0805)
Add component (AddParameter): Name = "Case"; Value = ""; VariantName = "[No Variations]"
Add component (AddParameter): Name = "HelpURL"; Value = "https://store.comet.bg/Catalogue/RES/Resistors/#eyJpcHAiOiIxMDAiLCJtIjoiIn0%3D"; VariantName = "[No Variations]"
Add component (AddParameter): Name = "Model"; Value = ""; VariantName = "[No Variations]"
Add component (AddParameter): Name = "Value"; Value = "10k"; VariantName = "[No Variations]"
Added Component: Designator=R51(SMD 0805)
Add component (AddParameter): Name = "Case"; Value = ""; VariantName = "[No Variations]"
Add component (AddParameter): Name = "HelpURL"; Value = "https://store.comet.bg/Catalogue/RES/Resistors/#eyJpcHAiOiIxMDAiLCJtIjoiIn0%3D"; VariantName = "[No Variations]"
Add component (AddParameter): Name = "Model"; Value = ""; VariantName = "[No Variations]"
Add component (AddParameter): Name = "Value"; Value = "10k"; VariantName = "[No Variations]"
Added Component: Designator=SW1(SW_KSR221GLFS)
Add component (AddParameter): Name = "MF"; Value = "C&K"; VariantName = "[No Variations]"
Add component (AddParameter): Name = "MP"; Value = "KSR221GLFS"; VariantName = "[No Variations]"
Add component (AddParameter): Name = "Package"; Value = "6x3.8x2.5mm"; VariantName = "[No Variations]"
Add component (AddParameter): Name = "URL"; Value = "https://store.comet.bg/Catalogue/Product/17512/"; VariantName = "[No Variations]"
Added Component: Designator=SW2(SW_KSR221GLFS)
Add component (AddParameter): Name = "MF"; Value = "C&K"; VariantName = "[No Variations]"
Add component (AddParameter): Name = "MP"; Value = "KSR221GLFS"; VariantName = "[No Variations]"
Add component (AddParameter): Name = "Package"; Value = "6x3.8x2.5mm"; VariantName = "[No Variations]"
Add component (AddParameter): Name = "URL"; Value = "https://store.comet.bg/Catalogue/Product/17512/"; VariantName = "[No Variations]"
Added Component: Designator=SW3(SW_KSR221GLFS)
Add component (AddParameter): Name = "MF"; Value = "C&K"; VariantName = "[No Variations]"
Add component (AddParameter): Name = "MP"; Value = "KSR221GLFS"; VariantName = "[No Variations]"
Add component (AddParameter): Name = "Package"; Value = "6x3.8x2.5mm"; VariantName = "[No Variations]"
Add component (AddParameter): Name = "URL"; Value = "https://store.comet.bg/Catalogue/Product/17512/"; VariantName = "[No Variations]"
Added Component: Designator=SW4(SW_KSR221GLFS)
Add component (AddParameter): Name = "MF"; Value = "C&K"; VariantName = "[No Variations]"
Add component (AddParameter): Name = "MP"; Value = "KSR221GLFS"; VariantName = "[No Variations]"
Add component (AddParameter): Name = "Package"; Value = "6x3.8x2.5mm"; VariantName = "[No Variations]"
Add component (AddParameter): Name = "URL"; Value = "https://store.comet.bg/Catalogue/Product/17512/"; VariantName = "[No Variations]"
Added Component: Designator=SW5(SW_KSR221GLFS)
Add component (AddParameter): Name = "MF"; Value = "C&K"; VariantName = "[No Variations]"
Add component (AddParameter): Name = "MP"; Value = "KSR221GLFS"; VariantName = "[No Variations]"
Add component (AddParameter): Name = "Package"; Value = "6x3.8x2.5mm"; VariantName = "[No Variations]"
Add component (AddParameter): Name = "URL"; Value = "https://store.comet.bg/Catalogue/Product/17512/"; VariantName = "[No Variations]"
Added Component: Designator=SW6(SW_KSR221GLFS)
Add component (AddParameter): Name = "MF"; Value = "C&K"; VariantName = "[No Variations]"
Add component (AddParameter): Name = "MP"; Value = "KSR221GLFS"; VariantName = "[No Variations]"
Add component (AddParameter): Name = "Package"; Value = "6x3.8x2.5mm"; VariantName = "[No Variations]"
Add component (AddParameter): Name = "URL"; Value = "https://store.comet.bg/Catalogue/Product/17512/"; VariantName = "[No Variations]"
Added Component: Designator=U1(WeActStudio STM32H750VBT6)
Added Component: Designator=U2(DevEBox V3.0 STM32F407VGT6)
Added Component: Designator=U3(SOT230P700X180-4N)
Add component (AddParameter): Name = "Availability"; Value = "Unavailable"; VariantName = "[No Variations]"
Add component (AddParameter): Name = "MF"; Value = "ON Semiconductor"; VariantName = "[No Variations]"
Add component (AddParameter): Name = "MP"; Value = "NCP1117ST50T3G"; VariantName = "[No Variations]"
Add component (AddParameter): Name = "Package"; Value = "TO-261-4 ON Semiconductor"; VariantName = "[No Variations]"
Add component (AddParameter): Name = "Price"; Value = "None"; VariantName = "[No Variations]"
Add component (AddParameter): Name = "SnapEDA_Link"; Value = "https://www.snapeda.com/parts/NCP1117ST50T3G/ON%20Semiconductor/view-part/836318/?ref=snap"; VariantName = "[No Variations]"
Add component (AddParameter): Name = "Value"; Value = ""; VariantName = "[No Variations]"
Added Pin To Net: NetName=GND Pin=1-2
Added Pin To Net: NetName=GND Pin=1-3
Added Pin To Net: NetName=GND Pin=2-2
Added Pin To Net: NetName=GND Pin=2-3
Added Pin To Net: NetName=GND Pin=3-2
Added Pin To Net: NetName=GND Pin=3-3
Added Pin To Net: NetName=GND Pin=J2-1
Added Pin To Net: NetName=GND Pin=J3-2
Added Pin To Net: NetName=GND Pin=J3-4
Added Pin To Net: NetName=GND Pin=J3-5
Added Pin To Net: NetName=GND Pin=J3-6
Added Pin To Net: NetName=GND Pin=J3-7
Added Pin To Net: NetName=GND Pin=J5-8
Added Pin To Net: NetName=GND Pin=J6-4
Added Pin To Net: NetName=GND Pin=J7-4
Added Pin To Net: NetName=GND Pin=J8-6
Added Pin To Net: NetName=GND Pin=J9-5
Added Pin To Net: NetName=GND Pin=J9-6
Added Pin To Net: NetName=GND Pin=J9-7
Added Pin To Net: NetName=GND Pin=J9-8
Added Pin To Net: NetName=GND Pin=J10-2
Added Pin To Net: NetName=GND Pin=J10-3
Added Pin To Net: NetName=GND Pin=J10-4
Added Pin To Net: NetName=GND Pin=J10-5
Added Pin To Net: NetName=GND Pin=J10-6
Added Pin To Net: NetName=GND Pin=J10-7
Added Pin To Net: NetName=GND Pin=J10-8
Added Pin To Net: NetName=GND Pin=J11-3
Added Pin To Net: NetName=GND Pin=Q1-1
Added Pin To Net: NetName=GND Pin=Q2-2
Added Pin To Net: NetName=GND Pin=Q3-2
Added Pin To Net: NetName=GND Pin=Q4-2
Added Pin To Net: NetName=GND Pin=Q5-2
Added Pin To Net: NetName=GND Pin=Q6-2
Added Pin To Net: NetName=GND Pin=Q7-1
Added Pin To Net: NetName=GND Pin=Q8-1
Added Pin To Net: NetName=GND Pin=Q9-1
Added Pin To Net: NetName=GND Pin=Q10-1
Added Pin To Net: NetName=GND Pin=Q11-1
Added Pin To Net: NetName=GND Pin=Q12-1
Added Pin To Net: NetName=GND Pin=Q13-1
Added Pin To Net: NetName=GND Pin=Q14-1
Added Pin To Net: NetName=GND Pin=Q15-1
Added Pin To Net: NetName=GND Pin=Q16-2
Added Pin To Net: NetName=GND Pin=Q17-2
Added Pin To Net: NetName=GND Pin=Q18-2
Added Pin To Net: NetName=GND Pin=Q19-2
Added Pin To Net: NetName=GND Pin=Q20-2
Added Pin To Net: NetName=GND Pin=Q21-2
Added Pin To Net: NetName=GND Pin=Q22-1
Added Pin To Net: NetName=GND Pin=Q23-2
Added Pin To Net: NetName=GND Pin=Q24-2
Added Pin To Net: NetName=GND Pin=Q25-2
Added Pin To Net: NetName=GND Pin=Q26-2
Added Pin To Net: NetName=GND Pin=R7-2
Added Pin To Net: NetName=GND Pin=R8-2
Added Pin To Net: NetName=GND Pin=R47-2
Added Pin To Net: NetName=GND Pin=SW1-2
Added Pin To Net: NetName=GND Pin=SW2-2
Added Pin To Net: NetName=GND Pin=SW3-2
Added Pin To Net: NetName=GND Pin=SW4-2
Added Pin To Net: NetName=GND Pin=SW5-2
Added Pin To Net: NetName=GND Pin=SW6-2
Added Pin To Net: NetName=GND Pin=U1-1
Added Pin To Net: NetName=GND Pin=U1-45
Added Pin To Net: NetName=GND Pin=U1-59
Added Pin To Net: NetName=GND Pin=U1-87
Added Pin To Net: NetName=GND Pin=U1-88
Added Pin To Net: NetName=GND Pin=U2-3
Added Pin To Net: NetName=GND Pin=U2-4
Added Pin To Net: NetName=GND Pin=U2-5
Added Pin To Net: NetName=GND Pin=U2-6
Added Pin To Net: NetName=GND Pin=U2-6
Added Pin To Net: NetName=GND Pin=U2-6
Added Pin To Net: NetName=GND Pin=U2-6
Added Pin To Net: NetName=GND Pin=U2-6
Added Pin To Net: NetName=GND Pin=U2-49
Added Pin To Net: NetName=GND Pin=U2-50
Added Pin To Net: NetName=GND Pin=U3-1
Added Net: Name=GND
Added Pin To Net: NetName=Net1_1 Pin=1-1
Added Pin To Net: NetName=Net1_1 Pin=R41-2
Added Net: Name=Net1_1
Added Pin To Net: NetName=Net1_4 Pin=1-4
Added Pin To Net: NetName=Net1_4 Pin=J7-2
Added Net: Name=Net1_4
Added Pin To Net: NetName=Net2_1 Pin=2-1
Added Pin To Net: NetName=Net2_1 Pin=R42-2
Added Net: Name=Net2_1
Added Pin To Net: NetName=Net2_4 Pin=2-4
Added Pin To Net: NetName=Net2_4 Pin=J7-1
Added Net: Name=Net2_4
Added Pin To Net: NetName=Net3_1 Pin=3-1
Added Pin To Net: NetName=Net3_1 Pin=Q22-3
Added Pin To Net: NetName=Net3_1 Pin=R46-2
Added Net: Name=Net3_1
Added Pin To Net: NetName=Net3_4 Pin=3-4
Added Pin To Net: NetName=Net3_4 Pin=J7-3
Added Net: Name=Net3_4
Added Pin To Net: NetName=NetD1_A Pin=D1-A
Added Pin To Net: NetName=NetD1_A Pin=Q11-3
Added Pin To Net: NetName=NetD1_A Pin=R29-2
Added Net: Name=NetD1_A
Added Pin To Net: NetName=NetD1_C Pin=D1-C
Added Pin To Net: NetName=NetD1_C Pin=D2-C
Added Pin To Net: NetName=NetD1_C Pin=Q1-2
Added Pin To Net: NetName=NetD1_C Pin=R7-1
Added Net: Name=NetD1_C
Added Pin To Net: NetName=NetD2_A Pin=D2-A
Added Pin To Net: NetName=NetD2_A Pin=Q15-3
Added Pin To Net: NetName=NetD2_A Pin=Q22-2
Added Pin To Net: NetName=NetD2_A Pin=R37-2
Added Pin To Net: NetName=NetD2_A Pin=R47-1
Added Net: Name=NetD2_A
Added Pin To Net: NetName=NetD3_A Pin=D3-A
Added Pin To Net: NetName=NetD3_A Pin=R15-2
Added Net: Name=NetD3_A
Added Pin To Net: NetName=NetD3_C Pin=D3-C
Added Pin To Net: NetName=NetD3_C Pin=Q2-3
Added Net: Name=NetD3_C
Added Pin To Net: NetName=NetD4_A Pin=D4-A
Added Pin To Net: NetName=NetD4_A Pin=R16-2
Added Net: Name=NetD4_A
Added Pin To Net: NetName=NetD4_C Pin=D4-C
Added Pin To Net: NetName=NetD4_C Pin=Q3-3
Added Net: Name=NetD4_C
Added Pin To Net: NetName=NetD5_A Pin=D5-A
Added Pin To Net: NetName=NetD5_A Pin=R17-2
Added Net: Name=NetD5_A
Added Pin To Net: NetName=NetD5_C Pin=D5-C
Added Pin To Net: NetName=NetD5_C Pin=Q4-3
Added Net: Name=NetD5_C
Added Pin To Net: NetName=NetD6_A Pin=D6-A
Added Pin To Net: NetName=NetD6_A Pin=R18-2
Added Net: Name=NetD6_A
Added Pin To Net: NetName=NetD6_C Pin=D6-C
Added Pin To Net: NetName=NetD6_C Pin=Q5-3
Added Net: Name=NetD6_C
Added Pin To Net: NetName=NetD7_A Pin=D7-A
Added Pin To Net: NetName=NetD7_A Pin=R19-2
Added Net: Name=NetD7_A
Added Pin To Net: NetName=NetD7_C Pin=D7-C
Added Pin To Net: NetName=NetD7_C Pin=Q6-3
Added Net: Name=NetD7_C
Added Pin To Net: NetName=NetJ1_1 Pin=J1-1
Added Pin To Net: NetName=NetJ1_1 Pin=U3-3
Added Net: Name=NetJ1_1
Added Pin To Net: NetName=NetJ3_1 Pin=J3-1
Added Pin To Net: NetName=NetJ3_1 Pin=J3-3
Added Pin To Net: NetName=NetJ3_1 Pin=J3-34
Added Pin To Net: NetName=NetJ3_1 Pin=J3-35
Added Pin To Net: NetName=NetJ3_1 Pin=J8-1
Added Pin To Net: NetName=NetJ3_1 Pin=J9-1
Added Pin To Net: NetName=NetJ3_1 Pin=J9-2
Added Pin To Net: NetName=NetJ3_1 Pin=J9-3
Added Pin To Net: NetName=NetJ3_1 Pin=J9-4
Added Pin To Net: NetName=NetJ3_1 Pin=J11-4
Added Pin To Net: NetName=NetJ3_1 Pin=R1-1
Added Pin To Net: NetName=NetJ3_1 Pin=R2-2
Added Pin To Net: NetName=NetJ3_1 Pin=R3-1
Added Pin To Net: NetName=NetJ3_1 Pin=R4-2
Added Pin To Net: NetName=NetJ3_1 Pin=R5-1
Added Pin To Net: NetName=NetJ3_1 Pin=R6-1
Added Pin To Net: NetName=NetJ3_1 Pin=R9-1
Added Pin To Net: NetName=NetJ3_1 Pin=R10-1
Added Pin To Net: NetName=NetJ3_1 Pin=R11-1
Added Pin To Net: NetName=NetJ3_1 Pin=R12-1
Added Pin To Net: NetName=NetJ3_1 Pin=R13-1
Added Pin To Net: NetName=NetJ3_1 Pin=R14-1
Added Pin To Net: NetName=NetJ3_1 Pin=R20-1
Added Pin To Net: NetName=NetJ3_1 Pin=R21-1
Added Pin To Net: NetName=NetJ3_1 Pin=R22-1
Added Pin To Net: NetName=NetJ3_1 Pin=R23-1
Added Pin To Net: NetName=NetJ3_1 Pin=R24-1
Added Pin To Net: NetName=NetJ3_1 Pin=R25-1
Added Pin To Net: NetName=NetJ3_1 Pin=R26-1
Added Pin To Net: NetName=NetJ3_1 Pin=R27-1
Added Pin To Net: NetName=NetJ3_1 Pin=R28-1
Added Pin To Net: NetName=NetJ3_1 Pin=R29-1
Added Pin To Net: NetName=NetJ3_1 Pin=R30-1
Added Pin To Net: NetName=NetJ3_1 Pin=R31-1
Added Pin To Net: NetName=NetJ3_1 Pin=R32-1
Added Pin To Net: NetName=NetJ3_1 Pin=R33-1
Added Pin To Net: NetName=NetJ3_1 Pin=R34-1
Added Pin To Net: NetName=NetJ3_1 Pin=R35-1
Added Pin To Net: NetName=NetJ3_1 Pin=R36-1
Added Pin To Net: NetName=NetJ3_1 Pin=R37-1
Added Pin To Net: NetName=NetJ3_1 Pin=U1-46
Added Pin To Net: NetName=NetJ3_1 Pin=U1-85
Added Pin To Net: NetName=NetJ3_1 Pin=U2-1
Added Pin To Net: NetName=NetJ3_1 Pin=U2-2
Added Pin To Net: NetName=NetJ3_1 Pin=U2-47
Added Pin To Net: NetName=NetJ3_1 Pin=U2-48
Added Net: Name=NetJ3_1
Added Pin To Net: NetName=NetJ3_8 Pin=J3-8
Added Pin To Net: NetName=NetJ3_8 Pin=R8-1
Added Pin To Net: NetName=NetJ3_8 Pin=U1-83
Added Net: Name=NetJ3_8
Added Pin To Net: NetName=NetJ3_9 Pin=J3-9
Added Pin To Net: NetName=NetJ3_9 Pin=U1-38
Added Net: Name=NetJ3_9
Added Pin To Net: NetName=NetJ3_10 Pin=J3-10
Added Pin To Net: NetName=NetJ3_10 Pin=U1-39
Added Net: Name=NetJ3_10
Added Pin To Net: NetName=NetJ3_11 Pin=J3-11
Added Pin To Net: NetName=NetJ3_11 Pin=U1-40
Added Net: Name=NetJ3_11
Added Pin To Net: NetName=NetJ3_12 Pin=J3-12
Added Pin To Net: NetName=NetJ3_12 Pin=U1-82
Added Net: Name=NetJ3_12
Added Pin To Net: NetName=NetJ3_13 Pin=J3-13
Added Pin To Net: NetName=NetJ3_13 Pin=U1-81
Added Net: Name=NetJ3_13
Added Pin To Net: NetName=NetJ3_14 Pin=J3-14
Added Pin To Net: NetName=NetJ3_14 Pin=U1-80
Added Net: Name=NetJ3_14
Added Pin To Net: NetName=NetJ3_15 Pin=J3-15
Added Pin To Net: NetName=NetJ3_15 Pin=U1-79
Added Net: Name=NetJ3_15
Added Pin To Net: NetName=NetJ3_16 Pin=J3-16
Added Pin To Net: NetName=NetJ3_16 Pin=U1-78
Added Net: Name=NetJ3_16
Added Pin To Net: NetName=NetJ3_17 Pin=J3-17
Added Pin To Net: NetName=NetJ3_17 Pin=U1-77
Added Net: Name=NetJ3_17
Added Pin To Net: NetName=NetJ3_18 Pin=J3-18
Added Pin To Net: NetName=NetJ3_18 Pin=U1-76
Added Net: Name=NetJ3_18
Added Pin To Net: NetName=NetJ3_19 Pin=J3-19
Added Pin To Net: NetName=NetJ3_19 Pin=U1-75
Added Net: Name=NetJ3_19
Added Pin To Net: NetName=NetJ3_20 Pin=J3-20
Added Pin To Net: NetName=NetJ3_20 Pin=U1-74
Added Net: Name=NetJ3_20
Added Pin To Net: NetName=NetJ3_21 Pin=J3-21
Added Pin To Net: NetName=NetJ3_21 Pin=U1-18
Added Net: Name=NetJ3_21
Added Pin To Net: NetName=NetJ3_22 Pin=J3-22
Added Pin To Net: NetName=NetJ3_22 Pin=U1-19
Added Net: Name=NetJ3_22
Added Pin To Net: NetName=NetJ3_23 Pin=J3-23
Added Pin To Net: NetName=NetJ3_23 Pin=U1-33
Added Net: Name=NetJ3_23
Added Pin To Net: NetName=NetJ3_24 Pin=J3-24
Added Pin To Net: NetName=NetJ3_24 Pin=U1-34
Added Net: Name=NetJ3_24
Added Pin To Net: NetName=NetJ3_26 Pin=J3-26
Added Pin To Net: NetName=NetJ3_26 Pin=R5-2
Added Pin To Net: NetName=NetJ3_26 Pin=U1-43
Added Net: Name=NetJ3_26
Added Pin To Net: NetName=NetJ3_29 Pin=J3-29
Added Pin To Net: NetName=NetJ3_29 Pin=U1-15
Added Net: Name=NetJ3_29
Added Pin To Net: NetName=NetJ3_30 Pin=J3-30
Added Pin To Net: NetName=NetJ3_30 Pin=U1-14
Added Net: Name=NetJ3_30
Added Pin To Net: NetName=NetJ3_31 Pin=J3-31
Added Pin To Net: NetName=NetJ3_31 Pin=U1-37
Added Net: Name=NetJ3_31
Added Pin To Net: NetName=NetJ3_32 Pin=J3-32
Added Pin To Net: NetName=NetJ3_32 Pin=R6-2
Added Pin To Net: NetName=NetJ3_32 Pin=U1-13
Added Net: Name=NetJ3_32
Added Pin To Net: NetName=NetJ4_1 Pin=J4-1
Added Pin To Net: NetName=NetJ4_1 Pin=Q7-2
Added Pin To Net: NetName=NetJ4_1 Pin=R20-2
Added Net: Name=NetJ4_1
Added Pin To Net: NetName=NetJ4_2 Pin=J4-2
Added Pin To Net: NetName=NetJ4_2 Pin=Q8-2
Added Pin To Net: NetName=NetJ4_2 Pin=R22-2
Added Net: Name=NetJ4_2
Added Pin To Net: NetName=NetJ4_3 Pin=J4-3
Added Pin To Net: NetName=NetJ4_3 Pin=Q9-2
Added Pin To Net: NetName=NetJ4_3 Pin=R24-2
Added Net: Name=NetJ4_3
Added Pin To Net: NetName=NetJ4_4 Pin=J4-4
Added Pin To Net: NetName=NetJ4_4 Pin=Q10-2
Added Pin To Net: NetName=NetJ4_4 Pin=R26-2
Added Net: Name=NetJ4_4
Added Pin To Net: NetName=NetJ4_5 Pin=J4-5
Added Pin To Net: NetName=NetJ4_5 Pin=Q11-2
Added Pin To Net: NetName=NetJ4_5 Pin=R28-2
Added Net: Name=NetJ4_5
Added Pin To Net: NetName=NetJ4_6 Pin=J4-6
Added Pin To Net: NetName=NetJ4_6 Pin=Q12-2
Added Pin To Net: NetName=NetJ4_6 Pin=R30-2
Added Net: Name=NetJ4_6
Added Pin To Net: NetName=NetJ4_7 Pin=J4-7
Added Pin To Net: NetName=NetJ4_7 Pin=Q13-2
Added Pin To Net: NetName=NetJ4_7 Pin=R32-2
Added Net: Name=NetJ4_7
Added Pin To Net: NetName=NetJ4_8 Pin=J4-8
Added Pin To Net: NetName=NetJ4_8 Pin=Q14-2
Added Pin To Net: NetName=NetJ4_8 Pin=R34-2
Added Net: Name=NetJ4_8
Added Pin To Net: NetName=NetJ5_1 Pin=J5-1
Added Pin To Net: NetName=NetJ5_1 Pin=Q19-3
Added Pin To Net: NetName=NetJ5_1 Pin=R43-2
Added Net: Name=NetJ5_1
Added Pin To Net: NetName=NetJ5_2 Pin=J5-2
Added Pin To Net: NetName=NetJ5_2 Pin=Q23-3
Added Pin To Net: NetName=NetJ5_2 Pin=R48-2
Added Net: Name=NetJ5_2
Added Pin To Net: NetName=NetJ5_3 Pin=J5-3
Added Pin To Net: NetName=NetJ5_3 Pin=Q20-3
Added Pin To Net: NetName=NetJ5_3 Pin=R44-2
Added Net: Name=NetJ5_3
Added Pin To Net: NetName=NetJ5_4 Pin=J5-4
Added Pin To Net: NetName=NetJ5_4 Pin=Q24-3
Added Pin To Net: NetName=NetJ5_4 Pin=R49-2
Added Net: Name=NetJ5_4
Added Pin To Net: NetName=NetJ5_5 Pin=J5-5
Added Pin To Net: NetName=NetJ5_5 Pin=Q21-3
Added Pin To Net: NetName=NetJ5_5 Pin=R45-2
Added Net: Name=NetJ5_5
Added Pin To Net: NetName=NetJ5_6 Pin=J5-6
Added Pin To Net: NetName=NetJ5_6 Pin=Q25-3
Added Pin To Net: NetName=NetJ5_6 Pin=R50-2
Added Net: Name=NetJ5_6
Added Pin To Net: NetName=NetJ5_7 Pin=J5-7
Added Pin To Net: NetName=NetJ5_7 Pin=Q26-3
Added Pin To Net: NetName=NetJ5_7 Pin=R51-2
Added Net: Name=NetJ5_7
Added Pin To Net: NetName=NetJ6_1 Pin=J6-1
Added Pin To Net: NetName=NetJ6_1 Pin=Q16-3
Added Pin To Net: NetName=NetJ6_1 Pin=R38-2
Added Net: Name=NetJ6_1
Added Pin To Net: NetName=NetJ6_2 Pin=J6-2
Added Pin To Net: NetName=NetJ6_2 Pin=Q17-3
Added Pin To Net: NetName=NetJ6_2 Pin=R39-2
Added Net: Name=NetJ6_2
Added Pin To Net: NetName=NetJ6_3 Pin=J6-3
Added Pin To Net: NetName=NetJ6_3 Pin=Q18-3
Added Pin To Net: NetName=NetJ6_3 Pin=R40-2
Added Net: Name=NetJ6_3
Added Pin To Net: NetName=NetJ8_2 Pin=J8-2
Added Pin To Net: NetName=NetJ8_2 Pin=R4-1
Added Pin To Net: NetName=NetJ8_2 Pin=U1-68
Added Net: Name=NetJ8_2
Added Pin To Net: NetName=NetJ8_3 Pin=J8-3
Added Pin To Net: NetName=NetJ8_3 Pin=U1-67
Added Net: Name=NetJ8_3
Added Pin To Net: NetName=NetJ8_4 Pin=J8-4
Added Pin To Net: NetName=NetJ8_4 Pin=R2-1
Added Pin To Net: NetName=NetJ8_4 Pin=U1-29
Added Net: Name=NetJ8_4
Added Pin To Net: NetName=NetJ8_5 Pin=J8-5
Added Pin To Net: NetName=NetJ8_5 Pin=R1-2
Added Pin To Net: NetName=NetJ8_5 Pin=U1-28
Added Net: Name=NetJ8_5
Added Pin To Net: NetName=NetJ10_1 Pin=J10-1
Added Pin To Net: NetName=NetJ10_1 Pin=Q15-2
Added Pin To Net: NetName=NetJ10_1 Pin=R36-2
Added Net: Name=NetJ10_1
Added Pin To Net: NetName=NetJ11_1 Pin=J11-1
Added Pin To Net: NetName=NetJ11_1 Pin=U1-32
Added Net: Name=NetJ11_1
Added Pin To Net: NetName=NetJ11_2 Pin=J11-2
Added Pin To Net: NetName=NetJ11_2 Pin=U1-31
Added Net: Name=NetJ11_2
Added Pin To Net: NetName=NetQ1_3 Pin=Q1-3
Added Pin To Net: NetName=NetQ1_3 Pin=R3-2
Added Pin To Net: NetName=NetQ1_3 Pin=U2-82
Added Net: Name=NetQ1_3
Added Pin To Net: NetName=NetQ2_1 Pin=Q2-1
Added Pin To Net: NetName=NetQ2_1 Pin=U1-53
Added Net: Name=NetQ2_1
Added Pin To Net: NetName=NetQ3_1 Pin=Q3-1
Added Pin To Net: NetName=NetQ3_1 Pin=U1-48
Added Net: Name=NetQ3_1
Added Pin To Net: NetName=NetQ4_1 Pin=Q4-1
Added Pin To Net: NetName=NetQ4_1 Pin=U1-49
Added Net: Name=NetQ4_1
Added Pin To Net: NetName=NetQ5_1 Pin=Q5-1
Added Pin To Net: NetName=NetQ5_1 Pin=U1-50
Added Net: Name=NetQ5_1
Added Pin To Net: NetName=NetQ6_1 Pin=Q6-1
Added Pin To Net: NetName=NetQ6_1 Pin=U1-51
Added Net: Name=NetQ6_1
Added Pin To Net: NetName=NetQ7_3 Pin=Q7-3
Added Pin To Net: NetName=NetQ7_3 Pin=R21-2
Added Pin To Net: NetName=NetQ7_3 Pin=U2-12
Added Net: Name=NetQ7_3
Added Pin To Net: NetName=NetQ8_3 Pin=Q8-3
Added Pin To Net: NetName=NetQ8_3 Pin=R23-2
Added Pin To Net: NetName=NetQ8_3 Pin=U2-9
Added Net: Name=NetQ8_3
Added Pin To Net: NetName=NetQ9_3 Pin=Q9-3
Added Pin To Net: NetName=NetQ9_3 Pin=R25-2
Added Pin To Net: NetName=NetQ9_3 Pin=U2-10
Added Net: Name=NetQ9_3
Added Pin To Net: NetName=NetQ10_3 Pin=Q10-3
Added Pin To Net: NetName=NetQ10_3 Pin=R27-2
Added Pin To Net: NetName=NetQ10_3 Pin=U2-28
Added Net: Name=NetQ10_3
Added Pin To Net: NetName=NetQ12_3 Pin=Q12-3
Added Pin To Net: NetName=NetQ12_3 Pin=R31-2
Added Pin To Net: NetName=NetQ12_3 Pin=U2-83
Added Net: Name=NetQ12_3
Added Pin To Net: NetName=NetQ13_3 Pin=Q13-3
Added Pin To Net: NetName=NetQ13_3 Pin=R33-2
Added Pin To Net: NetName=NetQ13_3 Pin=U2-84
Added Net: Name=NetQ13_3
Added Pin To Net: NetName=NetQ14_3 Pin=Q14-3
Added Pin To Net: NetName=NetQ14_3 Pin=R35-2
Added Pin To Net: NetName=NetQ14_3 Pin=U2-85
Added Net: Name=NetQ14_3
Added Pin To Net: NetName=NetQ16_1 Pin=Q16-1
Added Pin To Net: NetName=NetQ16_1 Pin=U2-24
Added Net: Name=NetQ16_1
Added Pin To Net: NetName=NetQ17_1 Pin=Q17-1
Added Pin To Net: NetName=NetQ17_1 Pin=U2-23
Added Net: Name=NetQ17_1
Added Pin To Net: NetName=NetQ18_1 Pin=Q18-1
Added Pin To Net: NetName=NetQ18_1 Pin=U2-64
Added Net: Name=NetQ18_1
Added Pin To Net: NetName=NetQ19_1 Pin=Q19-1
Added Pin To Net: NetName=NetQ19_1 Pin=U2-33
Added Net: Name=NetQ19_1
Added Pin To Net: NetName=NetQ20_1 Pin=Q20-1
Added Pin To Net: NetName=NetQ20_1 Pin=U2-34
Added Net: Name=NetQ20_1
Added Pin To Net: NetName=NetQ21_1 Pin=Q21-1
Added Pin To Net: NetName=NetQ21_1 Pin=U2-31
Added Net: Name=NetQ21_1
Added Pin To Net: NetName=NetQ23_1 Pin=Q23-1
Added Pin To Net: NetName=NetQ23_1 Pin=U2-29
Added Net: Name=NetQ23_1
Added Pin To Net: NetName=NetQ24_1 Pin=Q24-1
Added Pin To Net: NetName=NetQ24_1 Pin=U2-30
Added Net: Name=NetQ24_1
Added Pin To Net: NetName=NetQ25_1 Pin=Q25-1
Added Pin To Net: NetName=NetQ25_1 Pin=U2-27
Added Net: Name=NetQ25_1
Added Pin To Net: NetName=NetQ26_1 Pin=Q26-1
Added Pin To Net: NetName=NetQ26_1 Pin=U2-69
Added Net: Name=NetQ26_1
Added Pin To Net: NetName=NetR9_2 Pin=R9-2
Added Pin To Net: NetName=NetR9_2 Pin=SW1-1
Added Pin To Net: NetName=NetR9_2 Pin=U1-3
Added Net: Name=NetR9_2
Added Pin To Net: NetName=NetR10_2 Pin=R10-2
Added Pin To Net: NetName=NetR10_2 Pin=SW2-1
Added Pin To Net: NetName=NetR10_2 Pin=U1-4
Added Net: Name=NetR10_2
Added Pin To Net: NetName=NetR11_2 Pin=R11-2
Added Pin To Net: NetName=NetR11_2 Pin=SW3-1
Added Pin To Net: NetName=NetR11_2 Pin=U1-5
Added Net: Name=NetR11_2
Added Pin To Net: NetName=NetR12_2 Pin=R12-2
Added Pin To Net: NetName=NetR12_2 Pin=SW4-1
Added Pin To Net: NetName=NetR12_2 Pin=U1-6
Added Pin To Net: NetName=NetR12_2 Pin=U1-6
Added Pin To Net: NetName=NetR12_2 Pin=U1-6
Added Pin To Net: NetName=NetR12_2 Pin=U1-6
Added Pin To Net: NetName=NetR12_2 Pin=U1-6
Added Net: Name=NetR12_2
Added Pin To Net: NetName=NetR13_2 Pin=R13-2
Added Pin To Net: NetName=NetR13_2 Pin=SW5-1
Added Pin To Net: NetName=NetR13_2 Pin=U1-7
Added Net: Name=NetR13_2
Added Pin To Net: NetName=NetR14_2 Pin=R14-2
Added Pin To Net: NetName=NetR14_2 Pin=SW6-1
Added Pin To Net: NetName=NetR14_2 Pin=U1-8
Added Net: Name=NetR14_2
Added Pin To Net: NetName=NetR15_1 Pin=R15-1
Added Pin To Net: NetName=NetR15_1 Pin=R16-1
Added Pin To Net: NetName=NetR15_1 Pin=R17-1
Added Pin To Net: NetName=NetR15_1 Pin=R18-1
Added Pin To Net: NetName=NetR15_1 Pin=R19-1
Added Pin To Net: NetName=NetR15_1 Pin=R38-1
Added Pin To Net: NetName=NetR15_1 Pin=R39-1
Added Pin To Net: NetName=NetR15_1 Pin=R40-1
Added Pin To Net: NetName=NetR15_1 Pin=R43-1
Added Pin To Net: NetName=NetR15_1 Pin=R44-1
Added Pin To Net: NetName=NetR15_1 Pin=R45-1
Added Pin To Net: NetName=NetR15_1 Pin=R46-1
Added Pin To Net: NetName=NetR15_1 Pin=R48-1
Added Pin To Net: NetName=NetR15_1 Pin=R49-1
Added Pin To Net: NetName=NetR15_1 Pin=R50-1
Added Pin To Net: NetName=NetR15_1 Pin=R51-1
Added Pin To Net: NetName=NetR15_1 Pin=U1-2
Added Pin To Net: NetName=NetR15_1 Pin=U1-86
Added Pin To Net: NetName=NetR15_1 Pin=U2-45
Added Pin To Net: NetName=NetR15_1 Pin=U2-46
Added Pin To Net: NetName=NetR15_1 Pin=U3-2
Added Pin To Net: NetName=NetR15_1 Pin=U3-4
Added Net: Name=NetR15_1
Added Pin To Net: NetName=NetR41_1 Pin=R41-1
Added Pin To Net: NetName=NetR41_1 Pin=U2-81
Added Net: Name=NetR41_1
Added Pin To Net: NetName=NetR42_1 Pin=R42-1
Added Pin To Net: NetName=NetR42_1 Pin=U2-80
Added Net: Name=NetR42_1
Added Pin To Net: NetName=NetU1_63 Pin=U1-63
Added Pin To Net: NetName=NetU1_63 Pin=U2-53
Added Net: Name=NetU1_63
Added Pin To Net: NetName=NetU1_64 Pin=U1-64
Added Pin To Net: NetName=NetU1_64 Pin=U2-52
Added Net: Name=NetU1_64
Added Class: Name=Sheet1
Added Class: Name=Sheet2
Added Class: Name=Sheet3
Added Class: Name=Sheet4
Added Class: Name=Sheet5
