Removed Pin From Net: NetName=GND Pin=J2-1
Removed Pin From Net: NetName=GND Pin=Q3-2
Removed Pin From Net: NetName=GND Pin=Q4-2
Removed Pin From Net: NetName=GND Pin=Q5-2
Removed Pin From Net: NetName=GND Pin=Q6-2
Removed Pin From Net: NetName=GND Pin=Q7-2
Removed Pin From Net: NetName=NetL1_1 Pin=R17-1
Removed Pin From Net: NetName=NetL1_1 Pin=R18-1
Removed Pin From Net: NetName=NetL1_1 Pin=R19-1
Removed Pin From Net: NetName=NetD8_A Pin=R19-2
Removed Pin From Net: NetName=NetL1_1 Pin=R20-1
Removed Pin From Net: NetName=NetD9_A Pin=R20-2
Removed Pin From Net: NetName=NetL1_1 Pin=R21-1
Removed Pin From Net: NetName=NetD10_A Pin=R21-2
Removed Pin From Net: NetName=NetJ3_1 Pin=U2-1
Removed Pin From Net: NetName=NetJ3_1 Pin=U2-2
Removed Pin From Net: NetName=NetJ3_1 Pin=U2-47
Removed Pin From Net: NetName=NetJ3_1 Pin=U2-48
Removed Pin From Net: NetName=GND Pin=U3-1
Removed Pin From Net: NetName=NetL1_1 Pin=U3-2
Removed Member From Class: ClassName=Sheet1 Member=J1
Removed Member From Class: ClassName=Sheet1 Member=J2
Removed Member From Class: ClassName=Sheet3 Member=Q4
Removed Member From Class: ClassName=Sheet3 Member=Q5
Removed Member From Class: ClassName=Sheet3 Member=Q6
Removed Member From Class: ClassName=Sheet3 Member=Q7
Removed Member From Class: ClassName=Sheet3 Member=Q8
Removed Member From Class: ClassName=Sheet3 Member=R17
Change Component Footprint: Designator=U3 Old Footprint=SOT230P700X180-4N New Footprint=*TO-252-5-1
Change Component Comment : Designator=U3 Old Comment=NCP1117ST50T3G New Comment=BA05CC0WFP-E2
Change Component Designator: OldDesignator=C1 NewDesignator=C6
Change Component Designator: OldDesignator=D7 NewDesignator=D6
Change Component Designator: OldDesignator=J3 NewDesignator=J1
Change Component Designator: OldDesignator=J4 NewDesignator=J2
Change Component Designator: OldDesignator=J5 NewDesignator=J3
Change Component Designator: OldDesignator=J6 NewDesignator=J4
Change Component Designator: OldDesignator=J7 NewDesignator=J5
Change Component Designator: OldDesignator=J8 NewDesignator=J6
Change Component Designator: OldDesignator=J9 NewDesignator=J7
Change Component Designator: OldDesignator=J10 NewDesignator=J8
Change Component Designator: OldDesignator=J11 NewDesignator=J9
Change Component Designator: OldDesignator=Q8 NewDesignator=Q3
Change Component Designator: OldDesignator=Q9 NewDesignator=Q4
Change Component Designator: OldDesignator=Q10 NewDesignator=Q5
Change Component Designator: OldDesignator=Q11 NewDesignator=Q6
Change Component Designator: OldDesignator=Q12 NewDesignator=Q7
Change Component Designator: OldDesignator=Q13 NewDesignator=Q8
Change Component Designator: OldDesignator=Q14 NewDesignator=Q9
Change Component Designator: OldDesignator=Q15 NewDesignator=Q10
Change Component Designator: OldDesignator=Q16 NewDesignator=Q11
Change Component Designator: OldDesignator=Q17 NewDesignator=Q12
Change Component Designator: OldDesignator=Q18 NewDesignator=Q13
Change Component Designator: OldDesignator=Q19 NewDesignator=Q14
Change Component Designator: OldDesignator=Q20 NewDesignator=Q15
Change Component Designator: OldDesignator=Q21 NewDesignator=Q16
Change Component Designator: OldDesignator=Q22 NewDesignator=Q17
Change Component Designator: OldDesignator=Q23 NewDesignator=Q18
Change Component Designator: OldDesignator=Q24 NewDesignator=Q19
Change Component Designator: OldDesignator=Q25 NewDesignator=Q20
Change Component Designator: OldDesignator=Q26 NewDesignator=Q21
Change Component Designator: OldDesignator=Q27 NewDesignator=Q22
Change Component Designator: OldDesignator=Q28 NewDesignator=Q23
Change Component Designator: OldDesignator=Q29 NewDesignator=Q24
Change Component Designator: OldDesignator=Q30 NewDesignator=Q25
Change Component Designator: OldDesignator=R1 NewDesignator=R2
Change Component Designator: OldDesignator=R2 NewDesignator=R3
Change Component Designator: OldDesignator=R3 NewDesignator=R4
Change Component Designator: OldDesignator=R4 NewDesignator=R5
Change Component Designator: OldDesignator=R5 NewDesignator=R6
Change Component Designator: OldDesignator=R6 NewDesignator=R7
Change Component Designator: OldDesignator=R7 NewDesignator=R8
Change Component Designator: OldDesignator=R8 NewDesignator=R9
Change Component Designator: OldDesignator=R9 NewDesignator=R10
Change Component Designator: OldDesignator=R10 NewDesignator=R11
Change Component Designator: OldDesignator=R11 NewDesignator=R12
Change Component Designator: OldDesignator=R12 NewDesignator=R13
Change Component Designator: OldDesignator=R13 NewDesignator=R14
Change Component Designator: OldDesignator=R14 NewDesignator=R15
Change Component Designator: OldDesignator=R15 NewDesignator=R16
Change Component Designator: OldDesignator=R16 NewDesignator=R17
Change Component Designator: OldDesignator=R22 NewDesignator=R23
Change Component Designator: OldDesignator=R23 NewDesignator=R24
Change Component Designator: OldDesignator=R24 NewDesignator=R25
Change Component Designator: OldDesignator=R25 NewDesignator=R26
Change Component Designator: OldDesignator=R26 NewDesignator=R27
Change Component Designator: OldDesignator=R27 NewDesignator=R28
Change Component Designator: OldDesignator=R28 NewDesignator=R29
Change Component Designator: OldDesignator=R29 NewDesignator=R30
Change Component Designator: OldDesignator=R30 NewDesignator=R31
Change Component Designator: OldDesignator=R31 NewDesignator=R32
Change Component Designator: OldDesignator=R32 NewDesignator=R33
Change Component Designator: OldDesignator=R33 NewDesignator=R34
Change Component Designator: OldDesignator=R34 NewDesignator=R35
Change Component Designator: OldDesignator=R35 NewDesignator=R36
Change Component Designator: OldDesignator=R36 NewDesignator=R37
Change Component Designator: OldDesignator=R37 NewDesignator=R38
Change Component Designator: OldDesignator=R38 NewDesignator=R39
Change Component Designator: OldDesignator=R39 NewDesignator=R40
Change Component Designator: OldDesignator=R40 NewDesignator=R41
Change Component Designator: OldDesignator=R41 NewDesignator=R42
Change Component Designator: OldDesignator=R42 NewDesignator=R43
Change Component Designator: OldDesignator=R43 NewDesignator=R44
Change Component Designator: OldDesignator=R44 NewDesignator=R45
Change Component Designator: OldDesignator=R45 NewDesignator=R46
Change Component Designator: OldDesignator=R46 NewDesignator=R47
Change Component Designator: OldDesignator=R47 NewDesignator=R48
Change Component Designator: OldDesignator=R48 NewDesignator=R49
Change Component Designator: OldDesignator=R49 NewDesignator=R50
Change Component Designator: OldDesignator=R50 NewDesignator=R51
Change Component Designator: OldDesignator=R51 NewDesignator=R52
Change Component Designator: OldDesignator=R52 NewDesignator=R53
Change Component Designator: OldDesignator=R53 NewDesignator=R54
Change Component Designator: OldDesignator=R54 NewDesignator=R55
Change Component Designator: OldDesignator=R55 NewDesignator=R56
Change Component Designator: OldDesignator=R56 NewDesignator=R57
Change Component Designator: OldDesignator=R57 NewDesignator=R58
Change component parameters: Designator = "U3" ("U3"); Footprint = "SOT230P700X180-4N"; UniqueID = "\NMBSSFUK" ("\NMBSSFUK")
Change component parameters (AddParameter): Name = "Case"; Value = "TO252-5-11"; VariantName = "[No Variations]"
Change component parameters (AddParameter): Name = "HelpURL"; Value = "https://store.comet.bg/Catalogue/Product/4871/"; VariantName = "[No Variations]"
Change component parameters (AddParameter): Name = "Manufacturer"; Value = "ROHM Semiconductor"; VariantName = "[No Variations]"
Change component parameters (AddParameter): Name = "Model"; Value = "BA05CC0WFP-E2"; VariantName = "[No Variations]"
Add Component: Footprint Not Found Wire 1.1
Added Component: Designator=C1(CAP 10x16)
Add component (AddParameter): Name = "Case"; Value = "“Ã1V221M-RBF16"; VariantName = "[No Variations]"
Add component (AddParameter): Name = "HelpURL"; Value = "https://store.comet.bg/Catalogue/Product/6157/"; VariantName = "[No Variations]"
Add component (AddParameter): Name = "Manufacturer"; Value = "FUJICON"; VariantName = "[No Variations]"
Add component (AddParameter): Name = "Package"; Value = "8x16x3.5"; VariantName = "[No Variations]"
Add component (AddParameter): Name = "Temperature"; Value = "-55...+105∞C"; VariantName = "[No Variations]"
Add component (AddParameter): Name = "Tipe"; Value = "Low ESR"; VariantName = "[No Variations]"
Add component (AddParameter): Name = "Value"; Value = "680?F"; VariantName = "[No Variations]"
Add component (AddParameter): Name = "Voltage"; Value = "25V"; VariantName = "[No Variations]"
Added Component: Designator=C2(*CAPC3326X230N)
Add component (AddParameter): Name = "Case"; Value = "SMD 1210"; VariantName = "[No Variations]"
Add component (AddParameter): Name = "HelpURL"; Value = "https://store.comet.bg/Catalogue/Product/36844/"; VariantName = "[No Variations]"
Add component (AddParameter): Name = "Manufacturer"; Value = "SAMSUNG ELECTRO-MECHANICS"; VariantName = "[No Variations]"
Add component (AddParameter): Name = "Model"; Value = "CL32B106KLJNNNE"; VariantName = "[No Variations]"
Add component (AddParameter): Name = "Value"; Value = "10uF 35V"; VariantName = "[No Variations]"
Added Component: Designator=C3(SMD 7343-43)
Add component (AddParameter): Name = "HalpURL"; Value = "https://store.comet.bg/Catalogue/Product/15617/"; VariantName = "[No Variations]"
Add component (AddParameter): Name = "Manufacturer"; Value = "VISHAY"; VariantName = "[No Variations]"
Add component (AddParameter): Name = "Model"; Value = "593D227X9010E2TE3"; VariantName = "[No Variations]"
Add component (AddParameter): Name = "Package"; Value = "SMD 7343-43   7.3 x 4.3 x 4"; VariantName = "[No Variations]"
Add component (AddParameter): Name = "Value"; Value = "220uF"; VariantName = "[No Variations]"
Add component (AddParameter): Name = "Voltage"; Value = "10V"; VariantName = "[No Variations]"
Added Component: Designator=C4(SMD 0603)
Add component (AddParameter): Name = "Case"; Value = "SMD 1210"; VariantName = "[No Variations]"
Add component (AddParameter): Name = "HelpURL"; Value = "https://store.comet.bg/Catalogue/Product/36844/"; VariantName = "[No Variations]"
Add component (AddParameter): Name = "Manufacturer"; Value = "SAMSUNG ELECTRO-MECHANICS"; VariantName = "[No Variations]"
Add component (AddParameter): Name = "Model"; Value = "CL32B106KLJNNNE"; VariantName = "[No Variations]"
Add component (AddParameter): Name = "Value"; Value = "10uF 35V"; VariantName = "[No Variations]"
Added Component: Designator=C5(SMD 0603)
Add component (AddParameter): Name = "Case"; Value = "SMD 1210"; VariantName = "[No Variations]"
Add component (AddParameter): Name = "HelpURL"; Value = "https://store.comet.bg/Catalogue/Product/36844/"; VariantName = "[No Variations]"
Add component (AddParameter): Name = "Manufacturer"; Value = "SAMSUNG ELECTRO-MECHANICS"; VariantName = "[No Variations]"
Add component (AddParameter): Name = "Model"; Value = "CL32B106KLJNNNE"; VariantName = "[No Variations]"
Add component (AddParameter): Name = "Value"; Value = "10uF 35V"; VariantName = "[No Variations]"
Added Component: Designator=D7(SMD 0805 LED-Y)
Add component (AddParameter): Name = "Availability"; Value = "Unavailable"; VariantName = "[No Variations]"
Add component (AddParameter): Name = "MF"; Value = "Rohm Semiconductor"; VariantName = "[No Variations]"
Add component (AddParameter): Name = "MP"; Value = "SMLMN2WB1CW1C"; VariantName = "[No Variations]"
Add component (AddParameter): Name = "Package"; Value = "0805 Rohm Semiconductor"; VariantName = "[No Variations]"
Add component (AddParameter): Name = "Price"; Value = "None"; VariantName = "[No Variations]"
Add component (AddParameter): Name = "SnapEDA_Link"; Value = "https://www.snapeda.com/parts/SMLMN2WB1CW1C/Rohm/view-part/3217279/?ref=snap"; VariantName = "[No Variations]"
Add component (AddParameter): Name = "Value"; Value = ""; VariantName = "[No Variations]"
Add Component: Footprint Not Found Wire 1.1
Added Component: Designator=R1(SMD 0805)
Add component (AddParameter): Name = "Case"; Value = ""; VariantName = "[No Variations]"
Add component (AddParameter): Name = "HelpURL"; Value = "https://store.comet.bg/Catalogue/RES/Resistors/#eyJpcHAiOiIxMDAiLCJtIjoiIn0%3D"; VariantName = "[No Variations]"
Add component (AddParameter): Name = "Model"; Value = ""; VariantName = "[No Variations]"
Add component (AddParameter): Name = "Value"; Value = "47k"; VariantName = "[No Variations]"
Added Component: Designator=R22(SMD 0805)
Add component (AddParameter): Name = "Case"; Value = ""; VariantName = "[No Variations]"
Add component (AddParameter): Name = "HelpURL"; Value = "https://store.comet.bg/Catalogue/RES/Resistors/#eyJpcHAiOiIxMDAiLCJtIjoiIn0%3D"; VariantName = "[No Variations]"
Add component (AddParameter): Name = "Model"; Value = ""; VariantName = "[No Variations]"
Add component (AddParameter): Name = "Value"; Value = "220Ohm"; VariantName = "[No Variations]"
Added Pin To Net: NetName=GND Pin=C1-2
Added Pin To Net: NetName=GND Pin=C2-1
Added Pin To Net: NetName=NetL1_1 Pin=C3-1
Added Pin To Net: NetName=GND Pin=C3-2
Added Pin To Net: NetName=GND Pin=C4-1
Added Pin To Net: NetName=NetL1_1 Pin=C4-2
Added Pin To Net: NetName=GND Pin=C5-1
Added Pin To Net: NetName=GND Pin=D6-C
Added Pin To Net: NetName=GND Pin=D7-C
Added Pin To Net: NetName=GND Pin=D8-C
Added Pin To Net: NetName=GND Pin=D9-C
Added Pin To Net: NetName=GND Pin=D10-C
Add Pin To Net: Unknown Pin: Pin Gnd1-1
Added Pin To Net: NetName=NetD8_A Pin=R20-2
Added Pin To Net: NetName=NetD9_A Pin=R21-2
Added Pin To Net: NetName=NetD10_A Pin=R22-2
Added Pin To Net: NetName=GND Pin=U3-Fin
Change Net Name : Old Net Name=NetC1_2 New Net Name=NetC6_2
Change Net Name : Old Net Name=NetD7_A New Net Name=NetD6_A
Change Net Name : Old Net Name=NetJ3_1 New Net Name=NetJ1_1
Change Net Name : Old Net Name=NetJ3_8 New Net Name=NetJ1_8
Change Net Name : Old Net Name=NetJ3_9 New Net Name=NetJ1_9
Change Net Name : Old Net Name=NetJ3_10 New Net Name=NetJ1_10
Change Net Name : Old Net Name=NetJ3_11 New Net Name=NetJ1_11
Change Net Name : Old Net Name=NetJ3_12 New Net Name=NetJ1_12
Change Net Name : Old Net Name=NetJ3_13 New Net Name=NetJ1_13
Change Net Name : Old Net Name=NetJ3_14 New Net Name=NetJ1_14
Change Net Name : Old Net Name=NetJ3_15 New Net Name=NetJ1_15
Change Net Name : Old Net Name=NetJ3_16 New Net Name=NetJ1_16
Change Net Name : Old Net Name=NetJ3_17 New Net Name=NetJ1_17
Change Net Name : Old Net Name=NetJ3_18 New Net Name=NetJ1_18
Change Net Name : Old Net Name=NetJ3_19 New Net Name=NetJ1_19
Change Net Name : Old Net Name=NetJ3_20 New Net Name=NetJ1_20
Change Net Name : Old Net Name=NetJ3_21 New Net Name=NetJ1_21
Change Net Name : Old Net Name=NetJ3_22 New Net Name=NetJ1_22
Change Net Name : Old Net Name=NetJ3_23 New Net Name=NetJ1_23
Change Net Name : Old Net Name=NetJ3_24 New Net Name=NetJ1_24
Change Net Name : Old Net Name=NetJ3_26 New Net Name=NetJ1_26
Change Net Name : Old Net Name=NetJ3_29 New Net Name=NetJ1_29
Change Net Name : Old Net Name=NetJ3_30 New Net Name=NetJ1_30
Change Net Name : Old Net Name=NetJ3_31 New Net Name=NetJ1_31
Change Net Name : Old Net Name=NetJ3_32 New Net Name=NetJ1_32
Change Net Name : Old Net Name=NetJ4_1 New Net Name=NetJ2_1
Change Net Name : Old Net Name=NetJ4_2 New Net Name=NetJ2_2
Change Net Name : Old Net Name=NetJ4_3 New Net Name=NetJ2_3
Change Net Name : Old Net Name=NetJ4_4 New Net Name=NetJ2_4
Change Net Name : Old Net Name=NetJ4_5 New Net Name=NetJ2_5
Change Net Name : Old Net Name=NetJ4_6 New Net Name=NetJ2_6
Change Net Name : Old Net Name=NetJ4_7 New Net Name=NetJ2_7
Change Net Name : Old Net Name=NetJ4_8 New Net Name=NetJ2_8
Change Net Name : Old Net Name=NetJ5_1 New Net Name=NetJ3_1
Change Net Name : Old Net Name=NetJ5_2 New Net Name=NetJ3_2
Change Net Name : Old Net Name=NetJ5_3 New Net Name=NetJ3_3
Change Net Name : Old Net Name=NetJ5_4 New Net Name=NetJ3_4
Change Net Name : Old Net Name=NetJ5_5 New Net Name=NetJ3_5
Change Net Name : Old Net Name=NetJ5_6 New Net Name=NetJ3_6
Change Net Name : Old Net Name=NetJ5_7 New Net Name=NetJ3_7
Change Net Name : Old Net Name=NetJ6_1 New Net Name=NetJ4_1
Change Net Name : Old Net Name=NetJ6_2 New Net Name=NetJ4_2
Change Net Name : Old Net Name=NetJ6_3 New Net Name=NetJ4_3
Change Net Name : Old Net Name=NetJ8_2 New Net Name=NetJ6_2
Change Net Name : Old Net Name=NetJ8_3 New Net Name=NetJ6_3
Change Net Name : Old Net Name=NetJ8_4 New Net Name=NetJ6_4
Change Net Name : Old Net Name=NetJ8_5 New Net Name=NetJ6_5
Change Net Name : Old Net Name=NetJ9_1 New Net Name=NetJ7_1
Change Net Name : Old Net Name=NetJ9_2 New Net Name=NetJ7_2
Change Net Name : Old Net Name=NetJ9_3 New Net Name=NetJ7_3
Change Net Name : Old Net Name=NetJ10_1 New Net Name=NetJ8_1
Change Net Name : Old Net Name=NetJ10_2 New Net Name=NetJ8_2
Change Net Name : Old Net Name=NetL1_1 New Net Name=NetC3_1
Change Net Name : Old Net Name=NetQ8_2 New Net Name=NetQ3_2
Change Net Name : Old Net Name=NetQ9_3 New Net Name=NetQ4_3
Change Net Name : Old Net Name=NetQ10_3 New Net Name=NetQ5_3
Change Net Name : Old Net Name=NetQ11_3 New Net Name=NetQ6_3
Change Net Name : Old Net Name=NetQ12_3 New Net Name=NetQ7_3
Change Net Name : Old Net Name=NetQ14_3 New Net Name=NetQ9_3
Change Net Name : Old Net Name=NetQ15_3 New Net Name=NetQ10_3
Change Net Name : Old Net Name=NetQ16_3 New Net Name=NetQ11_3
Change Net Name : Old Net Name=NetQ20_1 New Net Name=NetQ15_1
Change Net Name : Old Net Name=NetQ21_1 New Net Name=NetQ16_1
Change Net Name : Old Net Name=NetQ22_1 New Net Name=NetQ17_1
Change Net Name : Old Net Name=NetQ23_1 New Net Name=NetQ18_1
Change Net Name : Old Net Name=NetQ24_1 New Net Name=NetQ19_1
Change Net Name : Old Net Name=NetQ25_1 New Net Name=NetQ20_1
Change Net Name : Old Net Name=NetQ27_1 New Net Name=NetQ22_1
Change Net Name : Old Net Name=NetQ28_1 New Net Name=NetQ23_1
Change Net Name : Old Net Name=NetQ29_1 New Net Name=NetQ24_1
Change Net Name : Old Net Name=NetQ30_1 New Net Name=NetQ25_1
Change Net Name : Old Net Name=NetR11_2 New Net Name=NetR12_2
Change Net Name : Old Net Name=NetR12_2 New Net Name=NetR13_2
Change Net Name : Old Net Name=NetR13_2 New Net Name=NetR14_2
Change Net Name : Old Net Name=NetR14_2 New Net Name=NetR15_2
Change Net Name : Old Net Name=NetR15_2 New Net Name=NetR16_2
Change Net Name : Old Net Name=NetR16_2 New Net Name=NetR17_2
Change Net Name : Old Net Name=NetR22_1 New Net Name=NetR23_1
Change Net Name : Old Net Name=NetR48_1 New Net Name=NetR49_1
Change Net Name : Old Net Name=NetR49_1 New Net Name=NetR50_1
Added Pin To Net: NetName=Net+1_1 Pin=C1-1
Added Pin To Net: NetName=Net+1_1 Pin=C2-2
Added Pin To Net: NetName=Net+1_1 Pin=R1-1
Added Pin To Net: NetName=Net+1_1 Pin=U3-2
Added Net: Name=Net+1_1
Added Pin To Net: NetName=NetC5_2 Pin=C5-2
Added Pin To Net: NetName=NetC5_2 Pin=R1-2
Added Pin To Net: NetName=NetC5_2 Pin=U3-1
Added Net: Name=NetC5_2
Added Pin To Net: NetName=NetD7_A Pin=D7-A
Added Pin To Net: NetName=NetD7_A Pin=R19-2
Added Net: Name=NetD7_A
Added Pin To Net: NetName=NetR18_1 Pin=R18-1
Added Pin To Net: NetName=NetR18_1 Pin=U1-48
Added Net: Name=NetR18_1
Added Pin To Net: NetName=NetR19_1 Pin=R19-1
Added Pin To Net: NetName=NetR19_1 Pin=U1-49
Added Net: Name=NetR19_1
Added Pin To Net: NetName=NetR20_1 Pin=R20-1
Added Pin To Net: NetName=NetR20_1 Pin=U1-50
Added Net: Name=NetR20_1
Added Pin To Net: NetName=NetR21_1 Pin=R21-1
Added Pin To Net: NetName=NetR21_1 Pin=U1-51
Added Net: Name=NetR21_1
Added Pin To Net: NetName=NetR22_1 Pin=R22-1
Added Pin To Net: NetName=NetR22_1 Pin=U1-53
Added Net: Name=NetR22_1
Add Class Member: Failed to add class member : Component +1 +12V
Added Member To Class: ClassName=Sheet1 Member=Component C1 #NAME?
Added Member To Class: ClassName=Sheet1 Member=Component C2 1uF
Added Member To Class: ClassName=Sheet1 Member=Component C3 #NAME?
Added Member To Class: ClassName=Sheet1 Member=Component C4 100nF
Added Member To Class: ClassName=Sheet1 Member=Component C5 1nF
Add Class Member: Failed to add class member : Component Gnd1 Gnd
Added Member To Class: ClassName=Sheet1 Member=Component R1 47k
Added Member To Class: ClassName=Sheet3 Member=Component R23 2,7k
