Change Component Designator: OldDesignator=J1 NewDesignator=J3
Change Component Designator: OldDesignator=J2 NewDesignator=J4
Change Component Designator: OldDesignator=J3 NewDesignator=J5
Change Component Designator: OldDesignator=J4 NewDesignator=J6
Change Component Designator: OldDesignator=J5 NewDesignator=J7
Change Component Designator: OldDesignator=J6 NewDesignator=J8
Change Component Designator: OldDesignator=J7 NewDesignator=J9
Change Component Designator: OldDesignator=J8 NewDesignator=J10
Change Component Designator: OldDesignator=J9 NewDesignator=J11
Added Component: Designator=J1(Wire)
Add component (AddParameter): Name = "Availability"; Value = ""; VariantName = "[No Variations]"
Add component (AddParameter): Name = "MF"; Value = ""; VariantName = "[No Variations]"
Add component (AddParameter): Name = "MP"; Value = ""; VariantName = "[No Variations]"
Add component (AddParameter): Name = "Package"; Value = ""; VariantName = "[No Variations]"
Added Component: Designator=J2(Wire)
Add component (AddParameter): Name = "Availability"; Value = ""; VariantName = "[No Variations]"
Add component (AddParameter): Name = "MF"; Value = ""; VariantName = "[No Variations]"
Add component (AddParameter): Name = "MP"; Value = ""; VariantName = "[No Variations]"
Add component (AddParameter): Name = "Package"; Value = ""; VariantName = "[No Variations]"
Added Pin To Net: NetName=Net+1_1 Pin=J1-1
Added Pin To Net: NetName=GND Pin=J2-1
Change Net Name : Old Net Name=Net+1_1 New Net Name=NetC1_1
Change Net Name : Old Net Name=NetJ1_1 New Net Name=NetJ3_1
Change Net Name : Old Net Name=NetJ1_8 New Net Name=NetJ3_8
Change Net Name : Old Net Name=NetJ1_9 New Net Name=NetJ3_9
Change Net Name : Old Net Name=NetJ1_10 New Net Name=NetJ3_10
Change Net Name : Old Net Name=NetJ1_11 New Net Name=NetJ3_11
Change Net Name : Old Net Name=NetJ1_12 New Net Name=NetJ3_12
Change Net Name : Old Net Name=NetJ1_13 New Net Name=NetJ3_13
Change Net Name : Old Net Name=NetJ1_14 New Net Name=NetJ3_14
Change Net Name : Old Net Name=NetJ1_15 New Net Name=NetJ3_15
Change Net Name : Old Net Name=NetJ1_16 New Net Name=NetJ3_16
Change Net Name : Old Net Name=NetJ1_17 New Net Name=NetJ3_17
Change Net Name : Old Net Name=NetJ1_18 New Net Name=NetJ3_18
Change Net Name : Old Net Name=NetJ1_19 New Net Name=NetJ3_19
Change Net Name : Old Net Name=NetJ1_20 New Net Name=NetJ3_20
Change Net Name : Old Net Name=NetJ1_21 New Net Name=NetJ3_21
Change Net Name : Old Net Name=NetJ1_22 New Net Name=NetJ3_22
Change Net Name : Old Net Name=NetJ1_23 New Net Name=NetJ3_23
Change Net Name : Old Net Name=NetJ1_24 New Net Name=NetJ3_24
Change Net Name : Old Net Name=NetJ1_26 New Net Name=NetJ3_26
Change Net Name : Old Net Name=NetJ1_29 New Net Name=NetJ3_29
Change Net Name : Old Net Name=NetJ1_30 New Net Name=NetJ3_30
Change Net Name : Old Net Name=NetJ1_31 New Net Name=NetJ3_31
Change Net Name : Old Net Name=NetJ1_32 New Net Name=NetJ3_32
Change Net Name : Old Net Name=NetJ2_1 New Net Name=NetJ4_1
Change Net Name : Old Net Name=NetJ2_2 New Net Name=NetJ4_2
Change Net Name : Old Net Name=NetJ2_3 New Net Name=NetJ4_3
Change Net Name : Old Net Name=NetJ2_4 New Net Name=NetJ4_4
Change Net Name : Old Net Name=NetJ2_5 New Net Name=NetJ4_5
Change Net Name : Old Net Name=NetJ2_6 New Net Name=NetJ4_6
Change Net Name : Old Net Name=NetJ2_7 New Net Name=NetJ4_7
Change Net Name : Old Net Name=NetJ2_8 New Net Name=NetJ4_8
Change Net Name : Old Net Name=NetJ3_1 New Net Name=NetJ5_1
Change Net Name : Old Net Name=NetJ3_2 New Net Name=NetJ5_2
Change Net Name : Old Net Name=NetJ3_3 New Net Name=NetJ5_3
Change Net Name : Old Net Name=NetJ3_4 New Net Name=NetJ5_4
Change Net Name : Old Net Name=NetJ3_5 New Net Name=NetJ5_5
Change Net Name : Old Net Name=NetJ3_6 New Net Name=NetJ5_6
Change Net Name : Old Net Name=NetJ3_7 New Net Name=NetJ5_7
Change Net Name : Old Net Name=NetJ4_1 New Net Name=NetJ6_1
Change Net Name : Old Net Name=NetJ4_2 New Net Name=NetJ6_2
Change Net Name : Old Net Name=NetJ4_3 New Net Name=NetJ6_3
Change Net Name : Old Net Name=NetJ6_2 New Net Name=NetJ8_2
Change Net Name : Old Net Name=NetJ6_3 New Net Name=NetJ8_3
Change Net Name : Old Net Name=NetJ6_4 New Net Name=NetJ8_4
Change Net Name : Old Net Name=NetJ6_5 New Net Name=NetJ8_5
Change Net Name : Old Net Name=NetJ7_1 New Net Name=NetJ9_1
Change Net Name : Old Net Name=NetJ7_2 New Net Name=NetJ9_2
Change Net Name : Old Net Name=NetJ7_3 New Net Name=NetJ9_3
Change Net Name : Old Net Name=NetJ8_1 New Net Name=NetJ10_1
Change Net Name : Old Net Name=NetJ8_2 New Net Name=NetJ10_2
Added Member To Class: ClassName=Sheet1 Member=Component J1 +12V
Added Member To Class: ClassName=Sheet1 Member=Component J2 GND
