Change Component Designator: Old Designator=D1 New Designator=D?
Change Component Designator: Old Designator=D2 New Designator=D?
Change Component Designator: Old Designator=D3 New Designator=D?
Change Component Designator: Old Designator=D4 New Designator=D?
Change Component Designator: Old Designator=D New Designator=D?
Change Component Designator: Old Designator=J6 New Designator=J?
Change Component Designator: Old Designator=Q1 New Designator=Q?
Change Component Designator: Old Designator=Q2 New Designator=Q?
Change Component Designator: Old Designator=Q3 New Designator=Q?
Change Component Designator: Old Designator=Q4 New Designator=Q?
Change Component Designator: Old Designator=Q5 New Designator=Q?
Change Component Designator: Old Designator=R1 New Designator=R?
Change Component Designator: Old Designator=R2 New Designator=R?
Change Component Designator: Old Designator=R3 New Designator=R?
Change Component Designator: Old Designator=R4 New Designator=R?
Change Component Designator: Old Designator=R5 New Designator=R?
Change Component Designator: Old Designator=R6 New Designator=R?
Change Component Designator: Old Designator=R7 New Designator=R?
Change Component Designator: Old Designator=R8 New Designator=R?
Change Component Designator: Old Designator=R22 New Designator=R?
Change Component Designator: Old Designator=R24 New Designator=R?
Change Component Designator: Old Designator=R25 New Designator=R?
Change Component Designator: Old Designator=SW1 New Designator=SW?
Change Component Designator: Old Designator=SW2 New Designator=SW?
Change Component Designator: Old Designator=SW3 New Designator=SW?
Change Component Designator: Old Designator=SW4 New Designator=SW?
Change Component Designator: Old Designator=SW5 New Designator=SW?
Change Component Designator: Old Designator=SW6 New Designator=SW?
